[ 2015-05-31T17:21:17+08:00 ] 118.186.220.192 /admin.php
INFO: [ app_init ] --START--
INFO: Run Behavior\BuildLiteBehavior [ RunTime:0.000015s ]
INFO: Run Common\Behavior\InitHookBehavior [ RunTime:0.001156s ]
INFO: [ app_init ] --END-- [ RunTime:0.001539s ]
INFO: [ app_begin ] --START--
INFO: Run Behavior\ReadHtmlCacheBehavior [ RunTime:0.000421s ]
INFO: [ app_begin ] --END-- [ RunTime:0.000472s ]

[ 2015-05-31T17:21:17+08:00 ] 118.186.220.192 /admin.php?s=/Public/login.html
INFO: [ app_init ] --START--
INFO: Run Behavior\BuildLiteBehavior [ RunTime:0.000015s ]
INFO: Run Common\Behavior\InitHookBehavior [ RunTime:0.001093s ]
INFO: [ app_init ] --END-- [ RunTime:0.001494s ]
INFO: [ app_begin ] --START--
INFO: Run Behavior\ReadHtmlCacheBehavior [ RunTime:0.000410s ]
INFO: [ app_begin ] --END-- [ RunTime:0.000459s ]
INFO: [ view_parse ] --START--
INFO: [ template_filter ] --START--
INFO: Run Behavior\ContentReplaceBehavior [ RunTime:0.000075s ]
INFO: [ template_filter ] --END-- [ RunTime:0.000121s ]
INFO: Run Behavior\ParseTemplateBehavior [ RunTime:0.005974s ]
INFO: [ view_parse ] --END-- [ RunTime:0.006018s ]
INFO: [ view_filter ] --START--
INFO: Run Behavior\WriteHtmlCacheBehavior [ RunTime:0.000142s ]
INFO: [ view_filter ] --END-- [ RunTime:0.000179s ]
INFO: [ app_end ] --START--
INFO: Run Behavior\ShowPageTraceBehavior [ RunTime:0.000410s ]
INFO: [ app_end ] --END-- [ RunTime:0.000450s ]

[ 2015-05-31T17:21:17+08:00 ] 118.186.220.192 /admin.php?s=/Public/verify.html
INFO: [ app_init ] --START--
INFO: Run Behavior\BuildLiteBehavior [ RunTime:0.000017s ]
INFO: Run Common\Behavior\InitHookBehavior [ RunTime:0.001210s ]
INFO: [ app_init ] --END-- [ RunTime:0.001571s ]
INFO: [ app_begin ] --START--
INFO: Run Behavior\ReadHtmlCacheBehavior [ RunTime:0.000416s ]
INFO: [ app_begin ] --END-- [ RunTime:0.000466s ]
INFO: [ app_end ] --START--
INFO: Run Behavior\ShowPageTraceBehavior [ RunTime:0.000443s ]
INFO: [ app_end ] --END-- [ RunTime:0.000518s ]

[ 2015-05-31T17:21:28+08:00 ] 118.186.220.192 /admin.php?s=/Public/verify.html&random=0.055998333962634206
INFO: [ app_init ] --START--
INFO: Run Behavior\BuildLiteBehavior [ RunTime:0.000019s ]
INFO: Run Common\Behavior\InitHookBehavior [ RunTime:0.001191s ]
INFO: [ app_init ] --END-- [ RunTime:0.001571s ]
INFO: [ app_begin ] --START--
INFO: Run Behavior\ReadHtmlCacheBehavior [ RunTime:0.000428s ]
INFO: [ app_begin ] --END-- [ RunTime:0.000479s ]
INFO: [ app_end ] --START--
INFO: Run Behavior\ShowPageTraceBehavior [ RunTime:0.000488s ]
INFO: [ app_end ] --END-- [ RunTime:0.000541s ]

[ 2015-05-31T17:21:40+08:00 ] 118.186.220.192 /admin.php?s=/Public/verify.html&random=0.2026221165433526
INFO: [ app_init ] --START--
INFO: Run Behavior\BuildLiteBehavior [ RunTime:0.000015s ]
INFO: Run Common\Behavior\InitHookBehavior [ RunTime:0.001182s ]
INFO: [ app_init ] --END-- [ RunTime:0.001573s ]
INFO: [ app_begin ] --START--
INFO: Run Behavior\ReadHtmlCacheBehavior [ RunTime:0.000466s ]
INFO: [ app_begin ] --END-- [ RunTime:0.000520s ]
INFO: [ app_end ] --START--
INFO: Run Behavior\ShowPageTraceBehavior [ RunTime:0.000534s ]
INFO: [ app_end ] --END-- [ RunTime:0.000588s ]

[ 2015-05-31T17:21:51+08:00 ] 118.186.220.192 /admin.php?s=/Public/login.html
INFO: [ app_init ] --START--
INFO: Run Behavior\BuildLiteBehavior [ RunTime:0.000023s ]
INFO: Run Common\Behavior\InitHookBehavior [ RunTime:0.001564s ]
INFO: [ app_init ] --END-- [ RunTime:0.002296s ]
INFO: [ app_begin ] --START--
INFO: Run Behavior\ReadHtmlCacheBehavior [ RunTime:0.000517s ]
INFO: [ app_begin ] --END-- [ RunTime:0.000581s ]

[ 2015-05-31T17:21:51+08:00 ] 118.186.220.192 /admin.php?s=/Public/verify.html&random=0.20393202058039606
INFO: [ app_init ] --START--
INFO: Run Behavior\BuildLiteBehavior [ RunTime:0.000017s ]
INFO: Run Common\Behavior\InitHookBehavior [ RunTime:0.001185s ]
INFO: [ app_init ] --END-- [ RunTime:0.001549s ]
INFO: [ app_begin ] --START--
INFO: Run Behavior\ReadHtmlCacheBehavior [ RunTime:0.000403s ]
INFO: [ app_begin ] --END-- [ RunTime:0.000457s ]
INFO: [ app_end ] --START--
INFO: Run Behavior\ShowPageTraceBehavior [ RunTime:0.000594s ]
INFO: [ app_end ] --END-- [ RunTime:0.000672s ]

[ 2015-05-31T17:22:02+08:00 ] 118.186.220.192 /admin.php?s=/Public/login.html
INFO: [ app_init ] --START--
INFO: Run Behavior\BuildLiteBehavior [ RunTime:0.000018s ]
INFO: Run Common\Behavior\InitHookBehavior [ RunTime:0.001219s ]
INFO: [ app_init ] --END-- [ RunTime:0.001621s ]
INFO: [ app_begin ] --START--
INFO: Run Behavior\ReadHtmlCacheBehavior [ RunTime:0.000408s ]
INFO: [ app_begin ] --END-- [ RunTime:0.000461s ]

[ 2015-05-31T17:22:03+08:00 ] 118.186.220.192 /admin.php?s=/Public/verify.html&random=0.4065429004840553
INFO: [ app_init ] --START--
INFO: Run Behavior\BuildLiteBehavior [ RunTime:0.000018s ]
INFO: Run Common\Behavior\InitHookBehavior [ RunTime:0.001242s ]
INFO: [ app_init ] --END-- [ RunTime:0.001671s ]
INFO: [ app_begin ] --START--
INFO: Run Behavior\ReadHtmlCacheBehavior [ RunTime:0.000422s ]
INFO: [ app_begin ] --END-- [ RunTime:0.000479s ]
INFO: [ app_end ] --START--
INFO: Run Behavior\ShowPageTraceBehavior [ RunTime:0.000740s ]
INFO: [ app_end ] --END-- [ RunTime:0.000833s ]

[ 2015-05-31T17:22:13+08:00 ] 118.186.220.192 /admin.php?s=/Public/login.html
INFO: [ app_init ] --START--
INFO: Run Behavior\BuildLiteBehavior [ RunTime:0.000018s ]
INFO: Run Common\Behavior\InitHookBehavior [ RunTime:0.001254s ]
INFO: [ app_init ] --END-- [ RunTime:0.001640s ]
INFO: [ app_begin ] --START--
INFO: Run Behavior\ReadHtmlCacheBehavior [ RunTime:0.000426s ]
INFO: [ app_begin ] --END-- [ RunTime:0.000474s ]
NOTIC: [8] Undefined index: lite /alidata/www/merlin_blog/myblog/ThinkPHP/Library/Think/Db.class.php 第 37 行.

[ 2015-05-31T17:22:13+08:00 ] 118.186.220.192 /admin.php?s=/Public/verify.html&random=0.6550071409437805
INFO: [ app_init ] --START--
INFO: Run Behavior\BuildLiteBehavior [ RunTime:0.000019s ]
INFO: Run Common\Behavior\InitHookBehavior [ RunTime:0.001149s ]
INFO: [ app_init ] --END-- [ RunTime:0.001554s ]
INFO: [ app_begin ] --START--
INFO: Run Behavior\ReadHtmlCacheBehavior [ RunTime:0.000408s ]
INFO: [ app_begin ] --END-- [ RunTime:0.000480s ]
INFO: [ app_end ] --START--
INFO: Run Behavior\ShowPageTraceBehavior [ RunTime:0.000488s ]
INFO: [ app_end ] --END-- [ RunTime:0.000548s ]

[ 2015-05-31T17:26:04+08:00 ] 118.186.220.192 /admin.php?s=/Public/login.html
INFO: [ app_init ] --START--
INFO: Run Behavior\BuildLiteBehavior [ RunTime:0.000018s ]
INFO: Run Common\Behavior\InitHookBehavior [ RunTime:0.001150s ]
INFO: [ app_init ] --END-- [ RunTime:0.001504s ]
INFO: [ app_begin ] --START--
INFO: Run Behavior\ReadHtmlCacheBehavior [ RunTime:0.000390s ]
INFO: [ app_begin ] --END-- [ RunTime:0.000438s ]

[ 2015-05-31T17:26:04+08:00 ] 118.186.220.192 /admin.php?s=/Public/verify.html&random=0.1594441458582878
INFO: [ app_init ] --START--
INFO: Run Behavior\BuildLiteBehavior [ RunTime:0.000015s ]
INFO: Run Common\Behavior\InitHookBehavior [ RunTime:0.001290s ]
INFO: [ app_init ] --END-- [ RunTime:0.001640s ]
INFO: [ app_begin ] --START--
INFO: Run Behavior\ReadHtmlCacheBehavior [ RunTime:0.000449s ]
INFO: [ app_begin ] --END-- [ RunTime:0.000513s ]
INFO: [ app_end ] --START--
INFO: Run Behavior\ShowPageTraceBehavior [ RunTime:0.000639s ]
INFO: [ app_end ] --END-- [ RunTime:0.000740s ]

[ 2015-05-31T17:26:10+08:00 ] 118.186.220.192 /admin.php?s=/Public/login.html
INFO: [ app_init ] --START--
INFO: Run Behavior\BuildLiteBehavior [ RunTime:0.000016s ]
INFO: Run Common\Behavior\InitHookBehavior [ RunTime:0.001225s ]
INFO: [ app_init ] --END-- [ RunTime:0.001606s ]
INFO: [ app_begin ] --START--
INFO: Run Behavior\ReadHtmlCacheBehavior [ RunTime:0.000401s ]
INFO: [ app_begin ] --END-- [ RunTime:0.000447s ]
NOTIC: [8] Undefined index: lite /alidata/www/merlin_blog/myblog/ThinkPHP/Library/Think/Db.class.php 第 37 行.
SQL: SHOW COLUMNS FROM `feng_member` [ RunTime:0.0203s ]
SQL: SELECT `uid`,`nickname`,`sex`,`birthday`,`qq`,`score`,`login`,`reg_ip`,`reg_time`,`last_login_ip`,`last_login_time`,`status` FROM `feng_member` WHERE `uid` = 1 LIMIT 1   [ RunTime:0.0012s ]
SQL: SHOW COLUMNS FROM `feng_action` [ RunTime:0.0129s ]
SQL: SELECT * FROM `feng_action` WHERE `name` = 'user_login' LIMIT 1   [ RunTime:0.0011s ]
SQL: SHOW COLUMNS FROM `feng_action_log` [ RunTime:0.0029s ]
SQL: INSERT INTO `feng_action_log` (`action_id`,`user_id`,`action_ip`,`model`,`record_id`,`create_time`,`remark`) VALUES ('1','1','1991957696','member','1','1433064370','merlin在2015-05-31 17:26登录了后台') [ RunTime:0.0278s ]
SQL: SELECT * FROM `feng_action` WHERE `name` = 'user_login' LIMIT 1   [ RunTime:0.0003s ]
NOTIC: [8] Undefined offset: 1 /alidata/www/merlin_blog/myblog/Application/Common/Common/function.php 第 679 行.
NOTIC: [2] array_key_exists() expects parameter 2 to be array, null given /alidata/www/merlin_blog/myblog/Application/Common/Common/function.php 第 679 行.
SQL: SELECT COUNT(*) AS tp_count FROM `feng_action_log` WHERE `action_id` = 1 AND `user_id` = 1 AND `create_time` > 1432977970 LIMIT 1   [ RunTime:0.0180s ]
SQL: SHOW COLUMNS FROM `feng_member` [ RunTime:0.0010s ]
SQL: UPDATE `feng_member` SET `score`=score+10 WHERE ( uid=1 AND status>-1 ) [ RunTime:0.0003s ]
SQL: UPDATE `feng_member` SET `login`=`login`+1,`last_login_time`='1433064370',`last_login_ip`='1991957696' WHERE `uid` = 1 [ RunTime:0.0002s ]

[ 2015-05-31T17:26:11+08:00 ] 118.186.220.192 /admin.php?s=/Index/index.html
INFO: [ app_init ] --START--
INFO: Run Behavior\BuildLiteBehavior [ RunTime:0.000025s ]
INFO: Run Common\Behavior\InitHookBehavior [ RunTime:0.001272s ]
INFO: [ app_init ] --END-- [ RunTime:0.001761s ]
INFO: [ app_begin ] --START--
INFO: Run Behavior\ReadHtmlCacheBehavior [ RunTime:0.000443s ]
INFO: [ app_begin ] --END-- [ RunTime:0.000506s ]
SQL: SHOW COLUMNS FROM `feng_menu` [ RunTime:0.0037s ]
SQL: SELECT `id`,`title`,`url` FROM `feng_menu` WHERE `pid` = 0 AND `hide` = 0 ORDER BY sort asc  [ RunTime:0.0013s ]
SQL: SELECT `pid` FROM `feng_menu` WHERE ( pid !=0 AND url like '%Index/index%' ) LIMIT 1   [ RunTime:0.0006s ]
INFO: [ view_parse ] --START--
INFO: [ template_filter ] --START--
INFO: Run Behavior\ContentReplaceBehavior [ RunTime:0.000127s ]
INFO: [ template_filter ] --END-- [ RunTime:0.000201s ]
INFO: [ AdminIndex ] --START--
SQL: SHOW COLUMNS FROM `feng_addons` [ RunTime:0.0008s ]
SQL: SELECT `config` FROM `feng_addons` WHERE `name` = 'SiteStat' AND `status` = 1 LIMIT 1   [ RunTime:0.0002s ]
SQL: SHOW COLUMNS FROM `feng_member` [ RunTime:0.0007s ]
SQL: SELECT COUNT(*) AS tp_count FROM `feng_member` LIMIT 1   [ RunTime:0.0002s ]
SQL: SHOW COLUMNS FROM `feng_action_log` [ RunTime:0.0006s ]
SQL: SELECT COUNT(*) AS tp_count FROM `feng_action_log` LIMIT 1   [ RunTime:0.0002s ]
SQL: SHOW COLUMNS FROM `feng_document` [ RunTime:0.0013s ]
SQL: SELECT COUNT(*) AS tp_count FROM `feng_document` LIMIT 1   [ RunTime:0.0002s ]
SQL: SHOW COLUMNS FROM `feng_category` [ RunTime:0.0010s ]
SQL: SELECT COUNT(*) AS tp_count FROM `feng_category` LIMIT 1   [ RunTime:0.0002s ]
SQL: SHOW COLUMNS FROM `feng_model` [ RunTime:0.0026s ]
SQL: SELECT COUNT(*) AS tp_count FROM `feng_model` LIMIT 1   [ RunTime:0.0002s ]
INFO: [ view_parse ] --START--
INFO: [ template_filter ] --START--
INFO: Run Behavior\ContentReplaceBehavior [ RunTime:0.000043s ]
INFO: [ template_filter ] --END-- [ RunTime:-0.019250s ]
INFO: Run Behavior\ParseTemplateBehavior [ RunTime:0.006536s ]
INFO: [ view_parse ] --END-- [ RunTime:0.006589s ]
INFO: [ view_filter ] --START--
INFO: Run Behavior\WriteHtmlCacheBehavior [ RunTime:0.000189s ]
INFO: [ view_filter ] --END-- [ RunTime:0.000234s ]
INFO: Run Addons\SiteStat\SiteStatAddon [ RunTime:0.018418s ]
SQL: SELECT `config` FROM `feng_addons` WHERE `name` = 'SystemInfo' AND `status` = 1 LIMIT 1   [ RunTime:0.0003s ]
INFO: [ view_parse ] --START--
INFO: [ template_filter ] --START--
INFO: Run Behavior\ContentReplaceBehavior [ RunTime:0.000069s ]
INFO: [ template_filter ] --END-- [ RunTime:-0.108150s ]
SQL: select version() as v; [ RunTime:0.0003s ]
INFO: Run Behavior\ParseTemplateBehavior [ RunTime:0.008272s ]
INFO: [ view_parse ] --END-- [ RunTime:-0.081483s ]
INFO: [ view_filter ] --START--
INFO: Run Behavior\WriteHtmlCacheBehavior [ RunTime:0.000011s ]
INFO: [ view_filter ] --END-- [ RunTime:-0.089594s ]
INFO: Run Addons\SystemInfo\SystemInfoAddon [ RunTime:0.089644s ]
SQL: SELECT `config` FROM `feng_addons` WHERE `name` = 'QiuBai' AND `status` = 1 LIMIT 1   [ RunTime:0.0003s ]
INFO: [ view_parse ] --START--
INFO: [ template_filter ] --START--
INFO: Run Behavior\ContentReplaceBehavior [ RunTime:0.000044s ]
INFO: [ template_filter ] --END-- [ RunTime:-0.119313s ]
INFO: Run Behavior\ParseTemplateBehavior [ RunTime:0.009004s ]
INFO: [ view_parse ] --END-- [ RunTime:-0.091015s ]
INFO: [ view_filter ] --START--
INFO: Run Behavior\WriteHtmlCacheBehavior [ RunTime:0.000009s ]
INFO: [ view_filter ] --END-- [ RunTime:-0.099814s ]
INFO: Run Addons\QiuBai\QiuBaiAddon [ RunTime:0.010158s ]
INFO: [ AdminIndex ] --END-- [ RunTime:0.118316s ]
INFO: Run Behavior\ParseTemplateBehavior [ RunTime:0.009197s ]
INFO: [ view_parse ] --END-- [ RunTime:-0.091015s ]
INFO: [ view_filter ] --START--
INFO: Run Behavior\WriteHtmlCacheBehavior [ RunTime:0.000011s ]
INFO: [ view_filter ] --END-- [ RunTime:-0.100009s ]
INFO: [ app_end ] --START--
INFO: Run Behavior\ShowPageTraceBehavior [ RunTime:0.000507s ]
INFO: [ app_end ] --END-- [ RunTime:0.000557s ]

[ 2015-05-31T17:26:12+08:00 ] 118.186.220.192 /admin.php?s=/Addons/execute/_addons/QiuBai/_controller/QiuBai/_action/getList.html
INFO: [ app_init ] --START--
INFO: Run Behavior\BuildLiteBehavior [ RunTime:0.000016s ]
INFO: Run Common\Behavior\InitHookBehavior [ RunTime:0.001190s ]
INFO: [ app_init ] --END-- [ RunTime:0.001554s ]
INFO: [ app_begin ] --START--
INFO: Run Behavior\ReadHtmlCacheBehavior [ RunTime:0.000424s ]
INFO: [ app_begin ] --END-- [ RunTime:0.000469s ]
SQL: SHOW COLUMNS FROM `feng_addons` [ RunTime:0.0008s ]
SQL: SELECT `title`,`name` FROM `feng_addons` WHERE ( status=1 AND has_adminlist=1 )  [ RunTime:0.0002s ]
SQL: SHOW COLUMNS FROM `feng_menu` [ RunTime:0.0005s ]
SQL: SELECT `id`,`title`,`url` FROM `feng_menu` WHERE `pid` = 0 AND `hide` = 0 ORDER BY sort asc  [ RunTime:0.0003s ]
SQL: SELECT `pid` FROM `feng_menu` WHERE ( pid !=0 AND url like '%Addons/execute%' ) LIMIT 1   [ RunTime:0.0004s ]
SQL: SELECT * FROM `feng_menu` WHERE `id` = 44 LIMIT 1   [ RunTime:0.0002s ]
SQL: SELECT * FROM `feng_menu` WHERE `id` = 43 LIMIT 1   [ RunTime:0.0002s ]
SQL: SELECT DISTINCT  `group` FROM `feng_menu` WHERE `group` <> '' AND `pid` = 43  [ RunTime:0.0003s ]
SQL: SELECT `id`,`url` FROM `feng_menu` WHERE `pid` = 43 AND `hide` = 0  [ RunTime:0.0002s ]
SQL: SELECT `id`,`pid`,`title`,`url`,`tip` FROM `feng_menu` WHERE `group` = '扩展' AND `pid` = 43 AND `hide` = 0 ORDER BY sort asc  [ RunTime:0.0003s ]
SQL: SHOW COLUMNS FROM `feng_addons` [ RunTime:0.0007s ]
SQL: SELECT `config` FROM `feng_addons` WHERE `name` = 'QiuBai' AND `status` = 1 LIMIT 1   [ RunTime:0.0004s ]

[ 2015-05-31T17:26:22+08:00 ] 118.186.220.192 /admin.php?s=/Article/index.html
INFO: [ app_init ] --START--
INFO: Run Behavior\BuildLiteBehavior [ RunTime:0.000016s ]
INFO: Run Common\Behavior\InitHookBehavior [ RunTime:0.001291s ]
INFO: [ app_init ] --END-- [ RunTime:0.001648s ]
INFO: [ app_begin ] --START--
INFO: Run Behavior\ReadHtmlCacheBehavior [ RunTime:0.000421s ]
INFO: [ app_begin ] --END-- [ RunTime:0.000557s ]
SQL: SHOW COLUMNS FROM `feng_menu` [ RunTime:0.0008s ]
SQL: SELECT `id`,`title`,`url` FROM `feng_menu` WHERE `pid` = 0 AND `hide` = 0 ORDER BY sort asc  [ RunTime:0.0003s ]
SQL: SELECT `pid` FROM `feng_menu` WHERE ( pid !=0 AND url like '%Article/index%' ) LIMIT 1   [ RunTime:0.0002s ]
SQL: SELECT * FROM `feng_menu` WHERE `id` = 2 LIMIT 1   [ RunTime:0.0002s ]
SQL: SELECT DISTINCT  `group` FROM `feng_menu` WHERE `group` <> '' AND `pid` = 2  [ RunTime:0.0003s ]
SQL: SELECT `id`,`url` FROM `feng_menu` WHERE `pid` = 2 AND `hide` = 0  [ RunTime:0.0002s ]
SQL: SELECT `id`,`pid`,`title`,`url`,`tip` FROM `feng_menu` WHERE `group` = '内容' AND `pid` = 2 AND `hide` = 0 ORDER BY sort asc  [ RunTime:0.0002s ]
SQL: SHOW COLUMNS FROM `feng_auth_group_access` [ RunTime:0.0138s ]
SQL: SELECT `extend_id` FROM feng_auth_group_access g INNER JOIN feng_auth_extend c on g.group_id=c.group_id  WHERE ( g.uid='1' and c.type='1' and !isnull(extend_id) )  [ RunTime:0.0026s ]
SQL: SHOW COLUMNS FROM `feng_category` [ RunTime:0.0011s ]
SQL: SELECT `id`,`title`,`pid`,`allow_publish` FROM `feng_category` WHERE `status` = 1 ORDER BY pid,sort  [ RunTime:0.0003s ]
SQL: SHOW COLUMNS FROM `feng_model` [ RunTime:0.0009s ]
SQL: SELECT * FROM `feng_model` WHERE `name` = 'document' LIMIT 1   [ RunTime:0.0011s ]
SQL: SHOW COLUMNS FROM `feng_document` [ RunTime:0.0009s ]
SQL: SELECT COUNT(*) AS tp_count FROM feng_document DOCUMENT WHERE `status` IN ('0','1','2') AND `pid` = 0 LIMIT 1   [ RunTime:0.0003s ]
SQL: SELECT `id`,`title`,`type`,`update_time`,`status`,`view`,`category_id`,`model_id`,`pid` FROM feng_document DOCUMENT WHERE `status` IN ('0','1','2') AND `pid` = 0 ORDER BY level DESC,DOCUMENT.id DESC LIMIT 0,10   [ RunTime:0.0003s ]
SQL: SELECT `extend` FROM `feng_model` WHERE `id` = 1 LIMIT 1   [ RunTime:0.0002s ]
SQL: SHOW COLUMNS FROM `feng_attribute` [ RunTime:0.0031s ]
SQL: SELECT `id`,`name`,`type`,`extra` FROM `feng_attribute` WHERE `model_id` = 1  [ RunTime:0.0011s ]
NOTIC: [8] Undefined variable: groups /alidata/www/merlin_blog/myblog/Application/Admin/Controller/ArticleController.class.php 第 231 行.
INFO: [ view_parse ] --START--
INFO: [ template_filter ] --START--
INFO: Run Behavior\ContentReplaceBehavior [ RunTime:0.000349s ]
INFO: [ template_filter ] --END-- [ RunTime:0.000434s ]
INFO: Run Behavior\ParseTemplateBehavior [ RunTime:0.059935s ]
INFO: [ view_parse ] --END-- [ RunTime:0.059984s ]
INFO: [ view_filter ] --START--
INFO: Run Behavior\WriteHtmlCacheBehavior [ RunTime:0.000157s ]
INFO: [ view_filter ] --END-- [ RunTime:0.000205s ]
INFO: [ app_end ] --START--
INFO: Run Behavior\ShowPageTraceBehavior [ RunTime:0.000461s ]
INFO: [ app_end ] --END-- [ RunTime:0.000529s ]

[ 2015-05-31T17:26:26+08:00 ] 118.186.220.192 /admin.php?s=/User/index.html
INFO: [ app_init ] --START--
INFO: Run Behavior\BuildLiteBehavior [ RunTime:0.000020s ]
INFO: Run Common\Behavior\InitHookBehavior [ RunTime:0.001205s ]
INFO: [ app_init ] --END-- [ RunTime:0.001590s ]
INFO: [ app_begin ] --START--
INFO: Run Behavior\ReadHtmlCacheBehavior [ RunTime:0.000424s ]
INFO: [ app_begin ] --END-- [ RunTime:0.000501s ]
SQL: SHOW COLUMNS FROM `feng_menu` [ RunTime:0.0008s ]
SQL: SELECT `id`,`title`,`url` FROM `feng_menu` WHERE `pid` = 0 AND `hide` = 0 ORDER BY sort asc  [ RunTime:0.0004s ]
SQL: SELECT `pid` FROM `feng_menu` WHERE ( pid !=0 AND url like '%User/index%' ) LIMIT 1   [ RunTime:0.0003s ]
SQL: SELECT * FROM `feng_menu` WHERE `id` = 16 LIMIT 1   [ RunTime:0.0002s ]
SQL: SELECT DISTINCT  `group` FROM `feng_menu` WHERE `group` <> '' AND `pid` = 16  [ RunTime:0.0003s ]
SQL: SELECT `id`,`url` FROM `feng_menu` WHERE `pid` = 16 AND `hide` = 0  [ RunTime:0.0002s ]
SQL: SELECT `id`,`pid`,`title`,`url`,`tip` FROM `feng_menu` WHERE `group` = '用户管理' AND `pid` = 16 AND `hide` = 0 ORDER BY sort asc  [ RunTime:0.0002s ]
SQL: SELECT `id`,`pid`,`title`,`url`,`tip` FROM `feng_menu` WHERE `group` = '行为管理' AND `pid` = 16 AND `hide` = 0 ORDER BY sort asc  [ RunTime:0.0003s ]
SQL: SHOW COLUMNS FROM `feng_member` [ RunTime:0.0006s ]
SQL: SELECT COUNT(*) AS tp_count FROM `feng_member` WHERE `status` >= 0 AND `nickname` LIKE '%%' LIMIT 1   [ RunTime:0.0002s ]
SQL: SELECT `uid`,`nickname`,`sex`,`birthday`,`qq`,`score`,`login`,`reg_ip`,`reg_time`,`last_login_ip`,`last_login_time`,`status` FROM `feng_member` WHERE `status` >= 0 AND `nickname` LIKE '%%' ORDER BY uid desc LIMIT 0,10   [ RunTime:0.0002s ]
INFO: [ view_parse ] --START--
INFO: [ template_filter ] --START--
INFO: Run Behavior\ContentReplaceBehavior [ RunTime:0.000262s ]
INFO: [ template_filter ] --END-- [ RunTime:0.000360s ]
INFO: Run Behavior\ParseTemplateBehavior [ RunTime:0.018661s ]
INFO: [ view_parse ] --END-- [ RunTime:0.018710s ]
INFO: [ view_filter ] --START--
INFO: Run Behavior\WriteHtmlCacheBehavior [ RunTime:0.000134s ]
INFO: [ view_filter ] --END-- [ RunTime:0.000174s ]
INFO: [ app_end ] --START--
INFO: Run Behavior\ShowPageTraceBehavior [ RunTime:0.000504s ]
INFO: [ app_end ] --END-- [ RunTime:0.000557s ]

[ 2015-05-31T17:26:29+08:00 ] 118.186.220.192 /admin.php?s=/User/action.html
INFO: [ app_init ] --START--
INFO: Run Behavior\BuildLiteBehavior [ RunTime:0.000017s ]
INFO: Run Common\Behavior\InitHookBehavior [ RunTime:0.001199s ]
INFO: [ app_init ] --END-- [ RunTime:0.001582s ]
INFO: [ app_begin ] --START--
INFO: Run Behavior\ReadHtmlCacheBehavior [ RunTime:0.000623s ]
INFO: [ app_begin ] --END-- [ RunTime:0.000701s ]
SQL: SHOW COLUMNS FROM `feng_menu` [ RunTime:0.0008s ]
SQL: SELECT `id`,`title`,`url` FROM `feng_menu` WHERE `pid` = 0 AND `hide` = 0 ORDER BY sort asc  [ RunTime:0.0004s ]
SQL: SELECT `pid` FROM `feng_menu` WHERE ( pid !=0 AND url like '%User/action%' ) LIMIT 1   [ RunTime:0.0005s ]
SQL: SELECT * FROM `feng_menu` WHERE `id` = 16 LIMIT 1   [ RunTime:0.0003s ]
SQL: SELECT DISTINCT  `group` FROM `feng_menu` WHERE `group` <> '' AND `pid` = 16  [ RunTime:0.0004s ]
SQL: SELECT `id`,`url` FROM `feng_menu` WHERE `pid` = 16 AND `hide` = 0  [ RunTime:0.0002s ]
SQL: SELECT `id`,`pid`,`title`,`url`,`tip` FROM `feng_menu` WHERE `group` = '用户管理' AND `pid` = 16 AND `hide` = 0 ORDER BY sort asc  [ RunTime:0.0003s ]
SQL: SELECT `id`,`pid`,`title`,`url`,`tip` FROM `feng_menu` WHERE `group` = '行为管理' AND `pid` = 16 AND `hide` = 0 ORDER BY sort asc  [ RunTime:0.0003s ]
SQL: SHOW COLUMNS FROM `feng_action` [ RunTime:0.0007s ]
SQL: SELECT COUNT(*) AS tp_count FROM `feng_action` WHERE `status` >= 0 LIMIT 1   [ RunTime:0.0002s ]
SQL: SELECT `id`,`name`,`title`,`remark`,`rule`,`log`,`type`,`status`,`update_time` FROM `feng_action` WHERE `status` >= 0 ORDER BY id desc LIMIT 0,10   [ RunTime:0.0003s ]
INFO: [ view_parse ] --START--
INFO: [ template_filter ] --START--
INFO: Run Behavior\ContentReplaceBehavior [ RunTime:0.000205s ]
INFO: [ template_filter ] --END-- [ RunTime:0.000267s ]
INFO: Run Behavior\ParseTemplateBehavior [ RunTime:0.019504s ]
INFO: [ view_parse ] --END-- [ RunTime:0.019582s ]
INFO: [ view_filter ] --START--
INFO: Run Behavior\WriteHtmlCacheBehavior [ RunTime:0.000238s ]
INFO: [ view_filter ] --END-- [ RunTime:0.000279s ]
INFO: [ app_end ] --START--
INFO: Run Behavior\ShowPageTraceBehavior [ RunTime:0.000482s ]
INFO: [ app_end ] --END-- [ RunTime:0.000541s ]

[ 2015-05-31T17:26:45+08:00 ] 118.186.220.192 /admin.php?s=/User/editAction/id/11.html
INFO: [ app_init ] --START--
INFO: Run Behavior\BuildLiteBehavior [ RunTime:0.000016s ]
INFO: Run Common\Behavior\InitHookBehavior [ RunTime:0.001486s ]
INFO: [ app_init ] --END-- [ RunTime:0.001870s ]
INFO: [ app_begin ] --START--
INFO: Run Behavior\ReadHtmlCacheBehavior [ RunTime:0.000414s ]
INFO: [ app_begin ] --END-- [ RunTime:0.000465s ]
SQL: SHOW COLUMNS FROM `feng_menu` [ RunTime:0.0008s ]
SQL: SELECT `id`,`title`,`url` FROM `feng_menu` WHERE `pid` = 0 AND `hide` = 0 ORDER BY sort asc  [ RunTime:0.0003s ]
SQL: SELECT `pid` FROM `feng_menu` WHERE ( pid !=0 AND url like '%User/editAction%' ) LIMIT 1   [ RunTime:0.0003s ]
SQL: SELECT * FROM `feng_menu` WHERE `id` = 19 LIMIT 1   [ RunTime:0.0002s ]
SQL: SELECT * FROM `feng_menu` WHERE `id` = 16 LIMIT 1   [ RunTime:0.0002s ]
SQL: SELECT DISTINCT  `group` FROM `feng_menu` WHERE `group` <> '' AND `pid` = 16  [ RunTime:0.0003s ]
SQL: SELECT `id`,`url` FROM `feng_menu` WHERE `pid` = 16 AND `hide` = 0  [ RunTime:0.0002s ]
SQL: SELECT `id`,`pid`,`title`,`url`,`tip` FROM `feng_menu` WHERE `group` = '用户管理' AND `pid` = 16 AND `hide` = 0 ORDER BY sort asc  [ RunTime:0.0003s ]
SQL: SELECT `id`,`pid`,`title`,`url`,`tip` FROM `feng_menu` WHERE `group` = '行为管理' AND `pid` = 16 AND `hide` = 0 ORDER BY sort asc  [ RunTime:0.0002s ]
SQL: SHOW COLUMNS FROM `feng_action` [ RunTime:0.0005s ]
SQL: SELECT `id`,`name`,`title`,`remark`,`rule`,`log`,`type`,`status`,`update_time` FROM `feng_action` WHERE `id` = 11 LIMIT 1   [ RunTime:0.0002s ]
INFO: [ view_parse ] --START--
INFO: [ template_filter ] --START--
INFO: Run Behavior\ContentReplaceBehavior [ RunTime:0.000191s ]
INFO: [ template_filter ] --END-- [ RunTime:0.000262s ]
INFO: Run Behavior\ParseTemplateBehavior [ RunTime:0.025513s ]
INFO: [ view_parse ] --END-- [ RunTime:0.025575s ]
INFO: [ view_filter ] --START--
INFO: Run Behavior\WriteHtmlCacheBehavior [ RunTime:0.000168s ]
INFO: [ view_filter ] --END-- [ RunTime:0.000209s ]
INFO: [ app_end ] --START--
INFO: Run Behavior\ShowPageTraceBehavior [ RunTime:0.000500s ]
INFO: [ app_end ] --END-- [ RunTime:0.000546s ]

[ 2015-05-31T17:26:55+08:00 ] 118.186.220.192 /admin.php?s=/Action/actionlog.html
INFO: [ app_init ] --START--
INFO: Run Behavior\BuildLiteBehavior [ RunTime:0.000016s ]
INFO: Run Common\Behavior\InitHookBehavior [ RunTime:0.001297s ]
INFO: [ app_init ] --END-- [ RunTime:0.001681s ]
INFO: [ app_begin ] --START--
INFO: Run Behavior\ReadHtmlCacheBehavior [ RunTime:0.000423s ]
INFO: [ app_begin ] --END-- [ RunTime:0.000474s ]
SQL: SHOW COLUMNS FROM `feng_menu` [ RunTime:0.0008s ]
SQL: SELECT `id`,`title`,`url` FROM `feng_menu` WHERE `pid` = 0 AND `hide` = 0 ORDER BY sort asc  [ RunTime:0.0003s ]
SQL: SELECT `pid` FROM `feng_menu` WHERE ( pid !=0 AND url like '%Action/actionlog%' ) LIMIT 1   [ RunTime:0.0003s ]
SQL: SELECT * FROM `feng_menu` WHERE `id` = 16 LIMIT 1   [ RunTime:0.0002s ]
SQL: SELECT DISTINCT  `group` FROM `feng_menu` WHERE `group` <> '' AND `pid` = 16  [ RunTime:0.0003s ]
SQL: SELECT `id`,`url` FROM `feng_menu` WHERE `pid` = 16 AND `hide` = 0  [ RunTime:0.0002s ]
SQL: SELECT `id`,`pid`,`title`,`url`,`tip` FROM `feng_menu` WHERE `group` = '用户管理' AND `pid` = 16 AND `hide` = 0 ORDER BY sort asc  [ RunTime:0.0003s ]
SQL: SELECT `id`,`pid`,`title`,`url`,`tip` FROM `feng_menu` WHERE `group` = '行为管理' AND `pid` = 16 AND `hide` = 0 ORDER BY sort asc  [ RunTime:0.0002s ]
SQL: SHOW COLUMNS FROM `feng_action_log` [ RunTime:0.0006s ]
SQL: SELECT COUNT(*) AS tp_count FROM `feng_action_log` WHERE `status` > -1 LIMIT 1   [ RunTime:0.0002s ]
SQL: SELECT `id`,`action_id`,`user_id`,`action_ip`,`model`,`record_id`,`remark`,`status`,`create_time` FROM `feng_action_log` WHERE `status` > -1 ORDER BY id desc LIMIT 0,10   [ RunTime:0.0002s ]
SQL: SHOW COLUMNS FROM `feng_model` [ RunTime:0.0008s ]
SQL: SELECT `id` FROM `feng_model` WHERE `name` = 'member' LIMIT 1   [ RunTime:0.0002s ]
SQL: SELECT `id` FROM `feng_model` WHERE `name` = 'member' LIMIT 1   [ RunTime:0.0002s ]
SQL: SELECT `id` FROM `feng_model` WHERE `name` = 'member' LIMIT 1   [ RunTime:0.0002s ]
SQL: SELECT `id` FROM `feng_model` WHERE `name` = 'member' LIMIT 1   [ RunTime:0.0002s ]
SQL: SELECT `id` FROM `feng_model` WHERE `name` = 'member' LIMIT 1   [ RunTime:0.0002s ]
SQL: SELECT `id` FROM `feng_model` WHERE `name` = 'member' LIMIT 1   [ RunTime:0.0002s ]
SQL: SELECT `id` FROM `feng_model` WHERE `name` = 'channel' LIMIT 1   [ RunTime:0.0002s ]
SQL: SELECT `id` FROM `feng_model` WHERE `name` = 'category' LIMIT 1   [ RunTime:0.0002s ]
SQL: SELECT `id` FROM `feng_model` WHERE `name` = 'member' LIMIT 1   [ RunTime:0.0002s ]
SQL: SELECT `id` FROM `feng_model` WHERE `name` = 'member' LIMIT 1   [ RunTime:0.0002s ]
INFO: [ view_parse ] --START--
INFO: [ template_filter ] --START--
INFO: Run Behavior\ContentReplaceBehavior [ RunTime:0.000171s ]
INFO: [ template_filter ] --END-- [ RunTime:0.000230s ]
SQL: SHOW COLUMNS FROM `feng_action` [ RunTime:0.0007s ]
SQL: SELECT `id`,`name`,`title`,`remark`,`rule`,`log`,`type`,`status`,`update_time` FROM `feng_action` WHERE `status` > -1 AND `id` = 1 LIMIT 1   [ RunTime:0.0003s ]
SQL: SELECT `id`,`name`,`title`,`remark`,`rule`,`log`,`type`,`status`,`update_time` FROM `feng_action` WHERE `status` > -1 AND `id` = 1 LIMIT 1   [ RunTime:0.0002s ]
SQL: SELECT `id`,`name`,`title`,`remark`,`rule`,`log`,`type`,`status`,`update_time` FROM `feng_action` WHERE `status` > -1 AND `id` = 1 LIMIT 1   [ RunTime:0.0002s ]
SQL: SELECT `id`,`name`,`title`,`remark`,`rule`,`log`,`type`,`status`,`update_time` FROM `feng_action` WHERE `status` > -1 AND `id` = 1 LIMIT 1   [ RunTime:0.0002s ]
SQL: SELECT `id`,`name`,`title`,`remark`,`rule`,`log`,`type`,`status`,`update_time` FROM `feng_action` WHERE `status` > -1 AND `id` = 1 LIMIT 1   [ RunTime:0.0002s ]
SQL: SELECT `id`,`name`,`title`,`remark`,`rule`,`log`,`type`,`status`,`update_time` FROM `feng_action` WHERE `status` > -1 AND `id` = 1 LIMIT 1   [ RunTime:0.0002s ]
SQL: SELECT `id`,`name`,`title`,`remark`,`rule`,`log`,`type`,`status`,`update_time` FROM `feng_action` WHERE `status` > -1 AND `id` = 9 LIMIT 1   [ RunTime:0.0002s ]
SQL: SELECT `id`,`name`,`title`,`remark`,`rule`,`log`,`type`,`status`,`update_time` FROM `feng_action` WHERE `status` > -1 AND `id` = 11 LIMIT 1   [ RunTime:0.0002s ]
SQL: SELECT `id`,`name`,`title`,`remark`,`rule`,`log`,`type`,`status`,`update_time` FROM `feng_action` WHERE `status` > -1 AND `id` = 1 LIMIT 1   [ RunTime:0.0002s ]
SQL: SELECT `id`,`name`,`title`,`remark`,`rule`,`log`,`type`,`status`,`update_time` FROM `feng_action` WHERE `status` > -1 AND `id` = 1 LIMIT 1   [ RunTime:0.0002s ]
INFO: Run Behavior\ParseTemplateBehavior [ RunTime:0.029360s ]
INFO: [ view_parse ] --END-- [ RunTime:0.029406s ]
INFO: [ view_filter ] --START--
INFO: Run Behavior\WriteHtmlCacheBehavior [ RunTime:0.000140s ]
INFO: [ view_filter ] --END-- [ RunTime:0.000180s ]
INFO: [ app_end ] --START--
INFO: Run Behavior\ShowPageTraceBehavior [ RunTime:0.000492s ]
INFO: [ app_end ] --END-- [ RunTime:0.000538s ]

[ 2015-05-31T17:27:12+08:00 ] 118.186.220.192 /admin.php?s=/User/action.html
INFO: [ app_init ] --START--
INFO: Run Behavior\BuildLiteBehavior [ RunTime:0.000015s ]
INFO: Run Common\Behavior\InitHookBehavior [ RunTime:0.001134s ]
INFO: [ app_init ] --END-- [ RunTime:0.001506s ]
INFO: [ app_begin ] --START--
INFO: Run Behavior\ReadHtmlCacheBehavior [ RunTime:0.000426s ]
INFO: [ app_begin ] --END-- [ RunTime:0.000476s ]
SQL: SHOW COLUMNS FROM `feng_menu` [ RunTime:0.0008s ]
SQL: SELECT `id`,`title`,`url` FROM `feng_menu` WHERE `pid` = 0 AND `hide` = 0 ORDER BY sort asc  [ RunTime:0.0003s ]
SQL: SELECT `pid` FROM `feng_menu` WHERE ( pid !=0 AND url like '%User/action%' ) LIMIT 1   [ RunTime:0.0003s ]
SQL: SELECT * FROM `feng_menu` WHERE `id` = 16 LIMIT 1   [ RunTime:0.0002s ]
SQL: SELECT DISTINCT  `group` FROM `feng_menu` WHERE `group` <> '' AND `pid` = 16  [ RunTime:0.0003s ]
SQL: SELECT `id`,`url` FROM `feng_menu` WHERE `pid` = 16 AND `hide` = 0  [ RunTime:0.0002s ]
SQL: SELECT `id`,`pid`,`title`,`url`,`tip` FROM `feng_menu` WHERE `group` = '用户管理' AND `pid` = 16 AND `hide` = 0 ORDER BY sort asc  [ RunTime:0.0003s ]
SQL: SELECT `id`,`pid`,`title`,`url`,`tip` FROM `feng_menu` WHERE `group` = '行为管理' AND `pid` = 16 AND `hide` = 0 ORDER BY sort asc  [ RunTime:0.0002s ]
SQL: SHOW COLUMNS FROM `feng_action` [ RunTime:0.0005s ]
SQL: SELECT COUNT(*) AS tp_count FROM `feng_action` WHERE `status` >= 0 LIMIT 1   [ RunTime:0.0002s ]
SQL: SELECT `id`,`name`,`title`,`remark`,`rule`,`log`,`type`,`status`,`update_time` FROM `feng_action` WHERE `status` >= 0 ORDER BY id desc LIMIT 0,10   [ RunTime:0.0003s ]
INFO: [ view_parse ] --START--
INFO: [ template_filter ] --START--
INFO: Run Behavior\ContentReplaceBehavior [ RunTime:0.000172s ]
INFO: [ template_filter ] --END-- [ RunTime:0.000229s ]
INFO: Run Behavior\ParseTemplateBehavior [ RunTime:0.017493s ]
INFO: [ view_parse ] --END-- [ RunTime:0.017540s ]
INFO: [ view_filter ] --START--
INFO: Run Behavior\WriteHtmlCacheBehavior [ RunTime:0.000148s ]
INFO: [ view_filter ] --END-- [ RunTime:0.000199s ]
INFO: [ app_end ] --START--
INFO: Run Behavior\ShowPageTraceBehavior [ RunTime:0.000478s ]
INFO: [ app_end ] --END-- [ RunTime:0.000525s ]

[ 2015-05-31T17:27:26+08:00 ] 118.186.220.192 /admin.php?s=/AuthManager/index.html
INFO: [ app_init ] --START--
INFO: Run Behavior\BuildLiteBehavior [ RunTime:0.000024s ]
INFO: Run Common\Behavior\InitHookBehavior [ RunTime:0.001592s ]
INFO: [ app_init ] --END-- [ RunTime:0.002042s ]
INFO: [ app_begin ] --START--
INFO: Run Behavior\ReadHtmlCacheBehavior [ RunTime:0.000440s ]
INFO: [ app_begin ] --END-- [ RunTime:0.000491s ]
SQL: SHOW COLUMNS FROM `feng_menu` [ RunTime:0.0008s ]
SQL: SELECT `id`,`title`,`url` FROM `feng_menu` WHERE `pid` = 0 AND `hide` = 0 ORDER BY sort asc  [ RunTime:0.0004s ]
SQL: SELECT `pid` FROM `feng_menu` WHERE ( pid !=0 AND url like '%AuthManager/index%' ) LIMIT 1   [ RunTime:0.0003s ]
SQL: SELECT * FROM `feng_menu` WHERE `id` = 16 LIMIT 1   [ RunTime:0.0002s ]
SQL: SELECT DISTINCT  `group` FROM `feng_menu` WHERE `group` <> '' AND `pid` = 16  [ RunTime:0.0003s ]
SQL: SELECT `id`,`url` FROM `feng_menu` WHERE `pid` = 16 AND `hide` = 0  [ RunTime:0.0002s ]
SQL: SELECT `id`,`pid`,`title`,`url`,`tip` FROM `feng_menu` WHERE `group` = '用户管理' AND `pid` = 16 AND `hide` = 0 ORDER BY sort asc  [ RunTime:0.0003s ]
SQL: SELECT `id`,`pid`,`title`,`url`,`tip` FROM `feng_menu` WHERE `group` = '行为管理' AND `pid` = 16 AND `hide` = 0 ORDER BY sort asc  [ RunTime:0.0002s ]
SQL: SHOW COLUMNS FROM `feng_auth_group` [ RunTime:0.0046s ]
SQL: SELECT COUNT(*) AS tp_count FROM `feng_auth_group` WHERE `module` = 'admin' LIMIT 1   [ RunTime:0.0013s ]
SQL: SELECT `id`,`module`,`type`,`title`,`description`,`status`,`rules` FROM `feng_auth_group` WHERE `module` = 'admin' ORDER BY id asc LIMIT 0,10   [ RunTime:0.0002s ]
INFO: [ view_parse ] --START--
INFO: [ template_filter ] --START--
INFO: Run Behavior\ContentReplaceBehavior [ RunTime:0.000212s ]
INFO: [ template_filter ] --END-- [ RunTime:0.000298s ]
INFO: Run Behavior\ParseTemplateBehavior [ RunTime:0.024897s ]
INFO: [ view_parse ] --END-- [ RunTime:0.024964s ]
INFO: [ view_filter ] --START--
INFO: Run Behavior\WriteHtmlCacheBehavior [ RunTime:0.000167s ]
INFO: [ view_filter ] --END-- [ RunTime:0.000217s ]
INFO: [ app_end ] --START--
INFO: Run Behavior\ShowPageTraceBehavior [ RunTime:0.000554s ]
INFO: [ app_end ] --END-- [ RunTime:0.000605s ]

[ 2015-05-31T17:27:32+08:00 ] 118.186.220.192 /admin.php?s=/Config/group.html
INFO: [ app_init ] --START--
INFO: Run Behavior\BuildLiteBehavior [ RunTime:0.000015s ]
INFO: Run Common\Behavior\InitHookBehavior [ RunTime:0.001152s ]
INFO: [ app_init ] --END-- [ RunTime:0.001496s ]
INFO: [ app_begin ] --START--
INFO: Run Behavior\ReadHtmlCacheBehavior [ RunTime:0.000395s ]
INFO: [ app_begin ] --END-- [ RunTime:0.000443s ]
SQL: SHOW COLUMNS FROM `feng_menu` [ RunTime:0.0008s ]
SQL: SELECT `id`,`title`,`url` FROM `feng_menu` WHERE `pid` = 0 AND `hide` = 0 ORDER BY sort asc  [ RunTime:0.0004s ]
SQL: SELECT `pid` FROM `feng_menu` WHERE ( pid !=0 AND url like '%Config/group%' ) LIMIT 1   [ RunTime:0.0005s ]
SQL: SELECT * FROM `feng_menu` WHERE `id` = 68 LIMIT 1   [ RunTime:0.0002s ]
SQL: SELECT DISTINCT  `group` FROM `feng_menu` WHERE `group` <> '' AND `pid` = 68  [ RunTime:0.0003s ]
SQL: SELECT `id`,`url` FROM `feng_menu` WHERE `pid` = 68 AND `hide` = 0  [ RunTime:0.0002s ]
SQL: SELECT `id`,`pid`,`title`,`url`,`tip` FROM `feng_menu` WHERE `group` = '系统设置' AND `pid` = 68 AND `hide` = 0 ORDER BY sort asc  [ RunTime:0.0003s ]
SQL: SELECT `id`,`pid`,`title`,`url`,`tip` FROM `feng_menu` WHERE `group` = '数据备份' AND `pid` = 68 AND `hide` = 0 ORDER BY sort asc  [ RunTime:0.0003s ]
SQL: SHOW COLUMNS FROM `feng_config` [ RunTime:0.0007s ]
SQL: SELECT `id`,`name`,`title`,`extra`,`value`,`remark`,`type` FROM `feng_config` WHERE `status` = 1 AND `group` = 1 ORDER BY sort  [ RunTime:0.0003s ]
INFO: [ view_parse ] --START--
INFO: [ template_filter ] --START--
INFO: Run Behavior\ContentReplaceBehavior [ RunTime:0.000284s ]
INFO: [ template_filter ] --END-- [ RunTime:0.000387s ]
INFO: Run Behavior\ParseTemplateBehavior [ RunTime:0.029264s ]
INFO: [ view_parse ] --END-- [ RunTime:0.029323s ]
INFO: [ view_filter ] --START--
INFO: Run Behavior\WriteHtmlCacheBehavior [ RunTime:0.000194s ]
INFO: [ view_filter ] --END-- [ RunTime:0.000236s ]
INFO: [ app_end ] --START--
INFO: Run Behavior\ShowPageTraceBehavior [ RunTime:0.000496s ]
INFO: [ app_end ] --END-- [ RunTime:0.000542s ]

[ 2015-05-31T17:27:36+08:00 ] 118.186.220.192 /admin.php?s=/Addons/index.html
INFO: [ app_init ] --START--
INFO: Run Behavior\BuildLiteBehavior [ RunTime:0.000015s ]
INFO: Run Common\Behavior\InitHookBehavior [ RunTime:0.001129s ]
INFO: [ app_init ] --END-- [ RunTime:0.001484s ]
INFO: [ app_begin ] --START--
INFO: Run Behavior\ReadHtmlCacheBehavior [ RunTime:0.000408s ]
INFO: [ app_begin ] --END-- [ RunTime:0.000457s ]
SQL: SHOW COLUMNS FROM `feng_addons` [ RunTime:0.0008s ]
SQL: SELECT `title`,`name` FROM `feng_addons` WHERE ( status=1 AND has_adminlist=1 )  [ RunTime:0.0002s ]
SQL: SHOW COLUMNS FROM `feng_menu` [ RunTime:0.0005s ]
SQL: SELECT `id`,`title`,`url` FROM `feng_menu` WHERE `pid` = 0 AND `hide` = 0 ORDER BY sort asc  [ RunTime:0.0003s ]
SQL: SELECT `pid` FROM `feng_menu` WHERE ( pid !=0 AND url like '%Addons/index%' ) LIMIT 1   [ RunTime:0.0003s ]
SQL: SELECT * FROM `feng_menu` WHERE `id` = 43 LIMIT 1   [ RunTime:0.0002s ]
SQL: SELECT DISTINCT  `group` FROM `feng_menu` WHERE `group` <> '' AND `pid` = 43  [ RunTime:0.0002s ]
SQL: SELECT `id`,`url` FROM `feng_menu` WHERE `pid` = 43 AND `hide` = 0  [ RunTime:0.0002s ]
SQL: SELECT `id`,`pid`,`title`,`url`,`tip` FROM `feng_menu` WHERE `group` = '扩展' AND `pid` = 43 AND `hide` = 0 ORDER BY sort asc  [ RunTime:0.0003s ]
SQL: SELECT `id`,`name`,`title`,`description`,`status`,`config`,`author`,`version`,`create_time`,`has_adminlist` FROM `feng_addons` WHERE `name` IN ('AdaptiveImages','Attachment','Digg','Editor','EditorForAdmin','Iswaf','QiuBai','ReturnTop','SiteStat','SocialComment','SystemInfo')  [ RunTime:0.0003s ]
INFO: [ view_parse ] --START--
INFO: [ template_filter ] --START--
INFO: Run Behavior\ContentReplaceBehavior [ RunTime:0.000212s ]
INFO: [ template_filter ] --END-- [ RunTime:0.000283s ]
SQL: SHOW COLUMNS FROM `feng_addons` [ RunTime:0.0008s ]
SQL: SELECT `config` FROM `feng_addons` WHERE `name` = 'ReturnTop' AND `status` = 1 LIMIT 1   [ RunTime:0.0002s ]
SQL: SELECT `config` FROM `feng_addons` WHERE `name` = 'QiuBai' AND `status` = 1 LIMIT 1   [ RunTime:0.0002s ]
SQL: SELECT `config` FROM `feng_addons` WHERE `name` = 'AdaptiveImages' AND `status` = 1 LIMIT 1   [ RunTime:0.0002s ]
SQL: SELECT `config` FROM `feng_addons` WHERE `name` = 'SocialComment' AND `status` = 1 LIMIT 1   [ RunTime:0.0002s ]
SQL: SELECT `config` FROM `feng_addons` WHERE `name` = 'Attachment' AND `status` = 1 LIMIT 1   [ RunTime:0.0002s ]
SQL: SELECT `config` FROM `feng_addons` WHERE `name` = 'SiteStat' AND `status` = 1 LIMIT 1   [ RunTime:0.0002s ]
SQL: SELECT `config` FROM `feng_addons` WHERE `name` = 'Digg' AND `status` = 1 LIMIT 1   [ RunTime:0.0002s ]
SQL: SELECT `config` FROM `feng_addons` WHERE `name` = 'SystemInfo' AND `status` = 1 LIMIT 1   [ RunTime:0.0002s ]
SQL: SELECT `config` FROM `feng_addons` WHERE `name` = 'Editor' AND `status` = 1 LIMIT 1   [ RunTime:0.0002s ]
INFO: Run Behavior\ParseTemplateBehavior [ RunTime:0.038515s ]
INFO: [ view_parse ] --END-- [ RunTime:0.038561s ]
INFO: [ view_filter ] --START--
INFO: Run Behavior\WriteHtmlCacheBehavior [ RunTime:0.000150s ]
INFO: [ view_filter ] --END-- [ RunTime:0.000191s ]
INFO: [ app_end ] --START--
INFO: Run Behavior\ShowPageTraceBehavior [ RunTime:0.000447s ]
INFO: [ app_end ] --END-- [ RunTime:0.000498s ]

[ 2015-05-31T17:27:59+08:00 ] 118.186.220.192 /admin.php?s=/Index/index.html
INFO: [ app_init ] --START--
INFO: Run Behavior\BuildLiteBehavior [ RunTime:0.000018s ]
INFO: Run Common\Behavior\InitHookBehavior [ RunTime:0.001262s ]
INFO: [ app_init ] --END-- [ RunTime:0.001626s ]
INFO: [ app_begin ] --START--
INFO: Run Behavior\ReadHtmlCacheBehavior [ RunTime:0.000403s ]
INFO: [ app_begin ] --END-- [ RunTime:0.000456s ]
SQL: SHOW COLUMNS FROM `feng_menu` [ RunTime:0.0009s ]
SQL: SELECT `id`,`title`,`url` FROM `feng_menu` WHERE `pid` = 0 AND `hide` = 0 ORDER BY sort asc  [ RunTime:0.0003s ]
SQL: SELECT `pid` FROM `feng_menu` WHERE ( pid !=0 AND url like '%Index/index%' ) LIMIT 1   [ RunTime:0.0005s ]
INFO: [ view_parse ] --START--
INFO: [ template_filter ] --START--
INFO: Run Behavior\ContentReplaceBehavior [ RunTime:0.000181s ]
INFO: [ template_filter ] --END-- [ RunTime:0.000256s ]
INFO: [ AdminIndex ] --START--
SQL: SHOW COLUMNS FROM `feng_addons` [ RunTime:0.0010s ]
SQL: SELECT `config` FROM `feng_addons` WHERE `name` = 'SiteStat' AND `status` = 1 LIMIT 1   [ RunTime:0.0002s ]
SQL: SHOW COLUMNS FROM `feng_member` [ RunTime:0.0006s ]
SQL: SELECT COUNT(*) AS tp_count FROM `feng_member` LIMIT 1   [ RunTime:0.0001s ]
SQL: SHOW COLUMNS FROM `feng_action_log` [ RunTime:0.0005s ]
SQL: SELECT COUNT(*) AS tp_count FROM `feng_action_log` LIMIT 1   [ RunTime:0.0001s ]
SQL: SHOW COLUMNS FROM `feng_document` [ RunTime:0.0009s ]
SQL: SELECT COUNT(*) AS tp_count FROM `feng_document` LIMIT 1   [ RunTime:0.0001s ]
SQL: SHOW COLUMNS FROM `feng_category` [ RunTime:0.0009s ]
SQL: SELECT COUNT(*) AS tp_count FROM `feng_category` LIMIT 1   [ RunTime:0.0001s ]
SQL: SHOW COLUMNS FROM `feng_model` [ RunTime:0.0008s ]
SQL: SELECT COUNT(*) AS tp_count FROM `feng_model` LIMIT 1   [ RunTime:0.0001s ]
INFO: [ view_parse ] --START--
INFO: [ template_filter ] --START--
INFO: Run Behavior\ContentReplaceBehavior [ RunTime:0.000041s ]
INFO: [ template_filter ] --END-- [ RunTime:-0.011655s ]
INFO: Run Behavior\ParseTemplateBehavior [ RunTime:0.001867s ]
INFO: [ view_parse ] --END-- [ RunTime:0.001912s ]
INFO: [ view_filter ] --START--
INFO: Run Behavior\WriteHtmlCacheBehavior [ RunTime:0.000157s ]
INFO: [ view_filter ] --END-- [ RunTime:0.000197s ]
INFO: Run Addons\SiteStat\SiteStatAddon [ RunTime:0.010416s ]
SQL: SELECT `config` FROM `feng_addons` WHERE `name` = 'SystemInfo' AND `status` = 1 LIMIT 1   [ RunTime:0.0003s ]
INFO: [ view_parse ] --START--
INFO: [ template_filter ] --START--
INFO: Run Behavior\ContentReplaceBehavior [ RunTime:0.000076s ]
INFO: [ template_filter ] --END-- [ RunTime:-0.085036s ]
SQL: select version() as v; [ RunTime:0.0004s ]
INFO: Run Behavior\ParseTemplateBehavior [ RunTime:0.003782s ]
INFO: [ view_parse ] --END-- [ RunTime:-0.070644s ]
INFO: [ view_filter ] --START--
INFO: Run Behavior\WriteHtmlCacheBehavior [ RunTime:0.000018s ]
INFO: [ view_filter ] --END-- [ RunTime:-0.074325s ]
INFO: Run Addons\SystemInfo\SystemInfoAddon [ RunTime:0.074368s ]
SQL: SELECT `config` FROM `feng_addons` WHERE `name` = 'QiuBai' AND `status` = 1 LIMIT 1   [ RunTime:0.0004s ]
INFO: [ view_parse ] --START--
INFO: [ template_filter ] --START--
INFO: Run Behavior\ContentReplaceBehavior [ RunTime:0.000069s ]
INFO: [ template_filter ] --END-- [ RunTime:-0.089822s ]
INFO: Run Behavior\ParseTemplateBehavior [ RunTime:0.002622s ]
INFO: [ view_parse ] --END-- [ RunTime:-0.075759s ]
INFO: [ view_filter ] --START--
INFO: Run Behavior\WriteHtmlCacheBehavior [ RunTime:0.000015s ]
INFO: [ view_filter ] --END-- [ RunTime:-0.078252s ]
INFO: Run Addons\QiuBai\QiuBaiAddon [ RunTime:0.003874s ]
INFO: [ AdminIndex ] --END-- [ RunTime:0.088771s ]
INFO: Run Behavior\ParseTemplateBehavior [ RunTime:0.002854s ]
INFO: [ view_parse ] --END-- [ RunTime:-0.075759s ]
INFO: [ view_filter ] --START--
INFO: Run Behavior\WriteHtmlCacheBehavior [ RunTime:0.000013s ]
INFO: [ view_filter ] --END-- [ RunTime:-0.078470s ]
INFO: [ app_end ] --START--
INFO: Run Behavior\ShowPageTraceBehavior [ RunTime:0.000751s ]
INFO: [ app_end ] --END-- [ RunTime:0.000818s ]

[ 2015-05-31T17:27:59+08:00 ] 118.186.220.192 /admin.php?s=/Addons/execute/_addons/QiuBai/_controller/QiuBai/_action/getList.html
INFO: [ app_init ] --START--
INFO: Run Behavior\BuildLiteBehavior [ RunTime:0.000020s ]
INFO: Run Common\Behavior\InitHookBehavior [ RunTime:0.001292s ]
INFO: [ app_init ] --END-- [ RunTime:0.001751s ]
INFO: [ app_begin ] --START--
INFO: Run Behavior\ReadHtmlCacheBehavior [ RunTime:0.000501s ]
INFO: [ app_begin ] --END-- [ RunTime:0.000565s ]
SQL: SHOW COLUMNS FROM `feng_addons` [ RunTime:0.0008s ]
SQL: SELECT `title`,`name` FROM `feng_addons` WHERE ( status=1 AND has_adminlist=1 )  [ RunTime:0.0003s ]
SQL: SHOW COLUMNS FROM `feng_menu` [ RunTime:0.0006s ]
SQL: SELECT `id`,`title`,`url` FROM `feng_menu` WHERE `pid` = 0 AND `hide` = 0 ORDER BY sort asc  [ RunTime:0.0005s ]
SQL: SELECT `pid` FROM `feng_menu` WHERE ( pid !=0 AND url like '%Addons/execute%' ) LIMIT 1   [ RunTime:0.0005s ]
SQL: SELECT * FROM `feng_menu` WHERE `id` = 44 LIMIT 1   [ RunTime:0.0002s ]
SQL: SELECT * FROM `feng_menu` WHERE `id` = 43 LIMIT 1   [ RunTime:0.0002s ]
SQL: SELECT DISTINCT  `group` FROM `feng_menu` WHERE `group` <> '' AND `pid` = 43  [ RunTime:0.0004s ]
SQL: SELECT `id`,`url` FROM `feng_menu` WHERE `pid` = 43 AND `hide` = 0  [ RunTime:0.0002s ]
SQL: SELECT `id`,`pid`,`title`,`url`,`tip` FROM `feng_menu` WHERE `group` = '扩展' AND `pid` = 43 AND `hide` = 0 ORDER BY sort asc  [ RunTime:0.0003s ]
SQL: SHOW COLUMNS FROM `feng_addons` [ RunTime:0.0007s ]
SQL: SELECT `config` FROM `feng_addons` WHERE `name` = 'QiuBai' AND `status` = 1 LIMIT 1   [ RunTime:0.0002s ]

[ 2015-05-31T17:28:18+08:00 ] 118.186.220.192 /admin.php?s=/Article/index.html
INFO: [ app_init ] --START--
INFO: Run Behavior\BuildLiteBehavior [ RunTime:0.000017s ]
INFO: Run Common\Behavior\InitHookBehavior [ RunTime:0.001159s ]
INFO: [ app_init ] --END-- [ RunTime:0.001535s ]
INFO: [ app_begin ] --START--
INFO: Run Behavior\ReadHtmlCacheBehavior [ RunTime:0.000413s ]
INFO: [ app_begin ] --END-- [ RunTime:0.000462s ]
SQL: SHOW COLUMNS FROM `feng_menu` [ RunTime:0.0008s ]
SQL: SELECT `id`,`title`,`url` FROM `feng_menu` WHERE `pid` = 0 AND `hide` = 0 ORDER BY sort asc  [ RunTime:0.0003s ]
SQL: SELECT `pid` FROM `feng_menu` WHERE ( pid !=0 AND url like '%Article/index%' ) LIMIT 1   [ RunTime:0.0003s ]
SQL: SELECT * FROM `feng_menu` WHERE `id` = 2 LIMIT 1   [ RunTime:0.0002s ]
SQL: SELECT DISTINCT  `group` FROM `feng_menu` WHERE `group` <> '' AND `pid` = 2  [ RunTime:0.0002s ]
SQL: SELECT `id`,`url` FROM `feng_menu` WHERE `pid` = 2 AND `hide` = 0  [ RunTime:0.0002s ]
SQL: SELECT `id`,`pid`,`title`,`url`,`tip` FROM `feng_menu` WHERE `group` = '内容' AND `pid` = 2 AND `hide` = 0 ORDER BY sort asc  [ RunTime:0.0002s ]
SQL: SHOW COLUMNS FROM `feng_auth_group_access` [ RunTime:0.0004s ]
SQL: SELECT `extend_id` FROM feng_auth_group_access g INNER JOIN feng_auth_extend c on g.group_id=c.group_id  WHERE ( g.uid='1' and c.type='1' and !isnull(extend_id) )  [ RunTime:0.0002s ]
SQL: SHOW COLUMNS FROM `feng_category` [ RunTime:0.0009s ]
SQL: SELECT `id`,`title`,`pid`,`allow_publish` FROM `feng_category` WHERE `status` = 1 ORDER BY pid,sort  [ RunTime:0.0002s ]
SQL: SHOW COLUMNS FROM `feng_model` [ RunTime:0.0007s ]
SQL: SELECT * FROM `feng_model` WHERE `name` = 'document' LIMIT 1   [ RunTime:0.0002s ]
SQL: SHOW COLUMNS FROM `feng_document` [ RunTime:0.0008s ]
SQL: SELECT COUNT(*) AS tp_count FROM feng_document DOCUMENT WHERE `status` IN ('0','1','2') AND `pid` = 0 LIMIT 1   [ RunTime:0.0002s ]
SQL: SELECT `id`,`title`,`type`,`update_time`,`status`,`view`,`category_id`,`model_id`,`pid` FROM feng_document DOCUMENT WHERE `status` IN ('0','1','2') AND `pid` = 0 ORDER BY level DESC,DOCUMENT.id DESC LIMIT 0,10   [ RunTime:0.0003s ]
SQL: SELECT `extend` FROM `feng_model` WHERE `id` = 1 LIMIT 1   [ RunTime:0.0002s ]
SQL: SHOW COLUMNS FROM `feng_attribute` [ RunTime:0.0007s ]
SQL: SELECT `id`,`name`,`type`,`extra` FROM `feng_attribute` WHERE `model_id` = 1  [ RunTime:0.0003s ]
NOTIC: [8] Undefined variable: groups /alidata/www/merlin_blog/myblog/Application/Admin/Controller/ArticleController.class.php 第 231 行.
INFO: [ view_parse ] --START--
INFO: [ template_filter ] --START--
INFO: Run Behavior\ContentReplaceBehavior [ RunTime:0.000355s ]
INFO: [ template_filter ] --END-- [ RunTime:0.000427s ]
INFO: Run Behavior\ParseTemplateBehavior [ RunTime:0.041996s ]
INFO: [ view_parse ] --END-- [ RunTime:0.042048s ]
INFO: [ view_filter ] --START--
INFO: Run Behavior\WriteHtmlCacheBehavior [ RunTime:0.000155s ]
INFO: [ view_filter ] --END-- [ RunTime:0.000201s ]
INFO: [ app_end ] --START--
INFO: Run Behavior\ShowPageTraceBehavior [ RunTime:0.000478s ]
INFO: [ app_end ] --END-- [ RunTime:0.000545s ]

[ 2015-05-31T17:28:20+08:00 ] 118.186.220.192 /admin.php?s=/User/index.html
INFO: [ app_init ] --START--
INFO: Run Behavior\BuildLiteBehavior [ RunTime:0.000019s ]
INFO: Run Common\Behavior\InitHookBehavior [ RunTime:0.001220s ]
INFO: [ app_init ] --END-- [ RunTime:0.001592s ]
INFO: [ app_begin ] --START--
INFO: Run Behavior\ReadHtmlCacheBehavior [ RunTime:0.000394s ]
INFO: [ app_begin ] --END-- [ RunTime:0.000442s ]
SQL: SHOW COLUMNS FROM `feng_menu` [ RunTime:0.0009s ]
SQL: SELECT `id`,`title`,`url` FROM `feng_menu` WHERE `pid` = 0 AND `hide` = 0 ORDER BY sort asc  [ RunTime:0.0003s ]
SQL: SELECT `pid` FROM `feng_menu` WHERE ( pid !=0 AND url like '%User/index%' ) LIMIT 1   [ RunTime:0.0003s ]
SQL: SELECT * FROM `feng_menu` WHERE `id` = 16 LIMIT 1   [ RunTime:0.0002s ]
SQL: SELECT DISTINCT  `group` FROM `feng_menu` WHERE `group` <> '' AND `pid` = 16  [ RunTime:0.0003s ]
SQL: SELECT `id`,`url` FROM `feng_menu` WHERE `pid` = 16 AND `hide` = 0  [ RunTime:0.0002s ]
SQL: SELECT `id`,`pid`,`title`,`url`,`tip` FROM `feng_menu` WHERE `group` = '用户管理' AND `pid` = 16 AND `hide` = 0 ORDER BY sort asc  [ RunTime:0.0003s ]
SQL: SELECT `id`,`pid`,`title`,`url`,`tip` FROM `feng_menu` WHERE `group` = '行为管理' AND `pid` = 16 AND `hide` = 0 ORDER BY sort asc  [ RunTime:0.0002s ]
SQL: SHOW COLUMNS FROM `feng_member` [ RunTime:0.0006s ]
SQL: SELECT COUNT(*) AS tp_count FROM `feng_member` WHERE `status` >= 0 AND `nickname` LIKE '%%' LIMIT 1   [ RunTime:0.0002s ]
SQL: SELECT `uid`,`nickname`,`sex`,`birthday`,`qq`,`score`,`login`,`reg_ip`,`reg_time`,`last_login_ip`,`last_login_time`,`status` FROM `feng_member` WHERE `status` >= 0 AND `nickname` LIKE '%%' ORDER BY uid desc LIMIT 0,10   [ RunTime:0.0002s ]
INFO: [ view_parse ] --START--
INFO: [ template_filter ] --START--
INFO: Run Behavior\ContentReplaceBehavior [ RunTime:0.000203s ]
INFO: [ template_filter ] --END-- [ RunTime:0.000289s ]
INFO: Run Behavior\ParseTemplateBehavior [ RunTime:0.017169s ]
INFO: [ view_parse ] --END-- [ RunTime:0.017237s ]
INFO: [ view_filter ] --START--
INFO: Run Behavior\WriteHtmlCacheBehavior [ RunTime:0.000176s ]
INFO: [ view_filter ] --END-- [ RunTime:0.000218s ]
INFO: [ app_end ] --START--
INFO: Run Behavior\ShowPageTraceBehavior [ RunTime:0.000487s ]
INFO: [ app_end ] --END-- [ RunTime:0.000546s ]

[ 2015-05-31T17:28:22+08:00 ] 118.186.220.192 /admin.php?s=/Config/group.html
INFO: [ app_init ] --START--
INFO: Run Behavior\BuildLiteBehavior [ RunTime:0.000024s ]
INFO: Run Common\Behavior\InitHookBehavior [ RunTime:0.001585s ]
INFO: [ app_init ] --END-- [ RunTime:0.002123s ]
INFO: [ app_begin ] --START--
INFO: Run Behavior\ReadHtmlCacheBehavior [ RunTime:0.000579s ]
INFO: [ app_begin ] --END-- [ RunTime:0.000660s ]
SQL: SHOW COLUMNS FROM `feng_menu` [ RunTime:0.0010s ]
SQL: SELECT `id`,`title`,`url` FROM `feng_menu` WHERE `pid` = 0 AND `hide` = 0 ORDER BY sort asc  [ RunTime:0.0004s ]
SQL: SELECT `pid` FROM `feng_menu` WHERE ( pid !=0 AND url like '%Config/group%' ) LIMIT 1   [ RunTime:0.0004s ]
SQL: SELECT * FROM `feng_menu` WHERE `id` = 68 LIMIT 1   [ RunTime:0.0002s ]
SQL: SELECT DISTINCT  `group` FROM `feng_menu` WHERE `group` <> '' AND `pid` = 68  [ RunTime:0.0003s ]
SQL: SELECT `id`,`url` FROM `feng_menu` WHERE `pid` = 68 AND `hide` = 0  [ RunTime:0.0002s ]
SQL: SELECT `id`,`pid`,`title`,`url`,`tip` FROM `feng_menu` WHERE `group` = '系统设置' AND `pid` = 68 AND `hide` = 0 ORDER BY sort asc  [ RunTime:0.0003s ]
SQL: SELECT `id`,`pid`,`title`,`url`,`tip` FROM `feng_menu` WHERE `group` = '数据备份' AND `pid` = 68 AND `hide` = 0 ORDER BY sort asc  [ RunTime:0.0003s ]
SQL: SHOW COLUMNS FROM `feng_config` [ RunTime:0.0007s ]
SQL: SELECT `id`,`name`,`title`,`extra`,`value`,`remark`,`type` FROM `feng_config` WHERE `status` = 1 AND `group` = 1 ORDER BY sort  [ RunTime:0.0003s ]
INFO: [ view_parse ] --START--
INFO: [ template_filter ] --START--
INFO: Run Behavior\ContentReplaceBehavior [ RunTime:0.000240s ]
INFO: [ template_filter ] --END-- [ RunTime:0.000328s ]
INFO: Run Behavior\ParseTemplateBehavior [ RunTime:0.020128s ]
INFO: [ view_parse ] --END-- [ RunTime:0.020190s ]
INFO: [ view_filter ] --START--
INFO: Run Behavior\WriteHtmlCacheBehavior [ RunTime:0.000156s ]
INFO: [ view_filter ] --END-- [ RunTime:0.000197s ]
INFO: [ app_end ] --START--
INFO: Run Behavior\ShowPageTraceBehavior [ RunTime:0.000477s ]
INFO: [ app_end ] --END-- [ RunTime:0.000525s ]

[ 2015-05-31T17:28:24+08:00 ] 118.186.220.192 /admin.php?s=/Addons/index.html
INFO: [ app_init ] --START--
INFO: Run Behavior\BuildLiteBehavior [ RunTime:0.000016s ]
INFO: Run Common\Behavior\InitHookBehavior [ RunTime:0.001162s ]
INFO: [ app_init ] --END-- [ RunTime:0.001510s ]
INFO: [ app_begin ] --START--
INFO: Run Behavior\ReadHtmlCacheBehavior [ RunTime:0.000482s ]
INFO: [ app_begin ] --END-- [ RunTime:0.000543s ]
SQL: SHOW COLUMNS FROM `feng_addons` [ RunTime:0.0008s ]
SQL: SELECT `title`,`name` FROM `feng_addons` WHERE ( status=1 AND has_adminlist=1 )  [ RunTime:0.0003s ]
SQL: SHOW COLUMNS FROM `feng_menu` [ RunTime:0.0006s ]
SQL: SELECT `id`,`title`,`url` FROM `feng_menu` WHERE `pid` = 0 AND `hide` = 0 ORDER BY sort asc  [ RunTime:0.0003s ]
SQL: SELECT `pid` FROM `feng_menu` WHERE ( pid !=0 AND url like '%Addons/index%' ) LIMIT 1   [ RunTime:0.0004s ]
SQL: SELECT * FROM `feng_menu` WHERE `id` = 43 LIMIT 1   [ RunTime:0.0002s ]
SQL: SELECT DISTINCT  `group` FROM `feng_menu` WHERE `group` <> '' AND `pid` = 43  [ RunTime:0.0003s ]
SQL: SELECT `id`,`url` FROM `feng_menu` WHERE `pid` = 43 AND `hide` = 0  [ RunTime:0.0002s ]
SQL: SELECT `id`,`pid`,`title`,`url`,`tip` FROM `feng_menu` WHERE `group` = '扩展' AND `pid` = 43 AND `hide` = 0 ORDER BY sort asc  [ RunTime:0.0002s ]
SQL: SELECT `id`,`name`,`title`,`description`,`status`,`config`,`author`,`version`,`create_time`,`has_adminlist` FROM `feng_addons` WHERE `name` IN ('AdaptiveImages','Attachment','Digg','Editor','EditorForAdmin','Iswaf','QiuBai','ReturnTop','SiteStat','SocialComment','SystemInfo')  [ RunTime:0.0003s ]
INFO: [ view_parse ] --START--
INFO: [ template_filter ] --START--
INFO: Run Behavior\ContentReplaceBehavior [ RunTime:0.000233s ]
INFO: [ template_filter ] --END-- [ RunTime:0.000303s ]
SQL: SHOW COLUMNS FROM `feng_addons` [ RunTime:0.0011s ]
SQL: SELECT `config` FROM `feng_addons` WHERE `name` = 'ReturnTop' AND `status` = 1 LIMIT 1   [ RunTime:0.0003s ]
SQL: SELECT `config` FROM `feng_addons` WHERE `name` = 'QiuBai' AND `status` = 1 LIMIT 1   [ RunTime:0.0002s ]
SQL: SELECT `config` FROM `feng_addons` WHERE `name` = 'AdaptiveImages' AND `status` = 1 LIMIT 1   [ RunTime:0.0002s ]
SQL: SELECT `config` FROM `feng_addons` WHERE `name` = 'SocialComment' AND `status` = 1 LIMIT 1   [ RunTime:0.0002s ]
SQL: SELECT `config` FROM `feng_addons` WHERE `name` = 'Attachment' AND `status` = 1 LIMIT 1   [ RunTime:0.0004s ]
SQL: SELECT `config` FROM `feng_addons` WHERE `name` = 'SiteStat' AND `status` = 1 LIMIT 1   [ RunTime:0.0002s ]
SQL: SELECT `config` FROM `feng_addons` WHERE `name` = 'Digg' AND `status` = 1 LIMIT 1   [ RunTime:0.0002s ]
SQL: SELECT `config` FROM `feng_addons` WHERE `name` = 'SystemInfo' AND `status` = 1 LIMIT 1   [ RunTime:0.0002s ]
SQL: SELECT `config` FROM `feng_addons` WHERE `name` = 'Editor' AND `status` = 1 LIMIT 1   [ RunTime:0.0002s ]
INFO: Run Behavior\ParseTemplateBehavior [ RunTime:0.026586s ]
INFO: [ view_parse ] --END-- [ RunTime:0.026638s ]
INFO: [ view_filter ] --START--
INFO: Run Behavior\WriteHtmlCacheBehavior [ RunTime:0.000131s ]
INFO: [ view_filter ] --END-- [ RunTime:0.000173s ]
INFO: [ app_end ] --START--
INFO: Run Behavior\ShowPageTraceBehavior [ RunTime:0.000460s ]
INFO: [ app_end ] --END-- [ RunTime:0.000508s ]

[ 2015-05-31T17:28:30+08:00 ] 118.186.220.192 /admin.php?s=/Addons/hooks.html
INFO: [ app_init ] --START--
INFO: Run Behavior\BuildLiteBehavior [ RunTime:0.000017s ]
INFO: Run Common\Behavior\InitHookBehavior [ RunTime:0.001270s ]
INFO: [ app_init ] --END-- [ RunTime:0.001639s ]
INFO: [ app_begin ] --START--
INFO: Run Behavior\ReadHtmlCacheBehavior [ RunTime:0.000512s ]
INFO: [ app_begin ] --END-- [ RunTime:0.000577s ]
SQL: SHOW COLUMNS FROM `feng_addons` [ RunTime:0.0009s ]
SQL: SELECT `title`,`name` FROM `feng_addons` WHERE ( status=1 AND has_adminlist=1 )  [ RunTime:0.0002s ]
SQL: SHOW COLUMNS FROM `feng_menu` [ RunTime:0.0005s ]
SQL: SELECT `id`,`title`,`url` FROM `feng_menu` WHERE `pid` = 0 AND `hide` = 0 ORDER BY sort asc  [ RunTime:0.0003s ]
SQL: SELECT `pid` FROM `feng_menu` WHERE ( pid !=0 AND url like '%Addons/hooks%' ) LIMIT 1   [ RunTime:0.0004s ]
SQL: SELECT * FROM `feng_menu` WHERE `id` = 43 LIMIT 1   [ RunTime:0.0002s ]
SQL: SELECT DISTINCT  `group` FROM `feng_menu` WHERE `group` <> '' AND `pid` = 43  [ RunTime:0.0003s ]
SQL: SELECT `id`,`url` FROM `feng_menu` WHERE `pid` = 43 AND `hide` = 0  [ RunTime:0.0002s ]
SQL: SELECT `id`,`pid`,`title`,`url`,`tip` FROM `feng_menu` WHERE `group` = '扩展' AND `pid` = 43 AND `hide` = 0 ORDER BY sort asc  [ RunTime:0.0002s ]
SQL: SHOW COLUMNS FROM `feng_hooks` [ RunTime:0.0205s ]
SQL: SELECT COUNT(*) AS tp_count FROM `feng_hooks` WHERE `status` >= 0 LIMIT 1   [ RunTime:0.0016s ]
SQL: SELECT `id`,`name`,`description`,`type`,`update_time`,`addons`,`status` FROM `feng_hooks` WHERE `status` >= 0 ORDER BY id desc LIMIT 0,10   [ RunTime:0.0003s ]
INFO: [ view_parse ] --START--
INFO: [ template_filter ] --START--
INFO: Run Behavior\ContentReplaceBehavior [ RunTime:0.000188s ]
INFO: [ template_filter ] --END-- [ RunTime:0.000284s ]
INFO: Run Behavior\ParseTemplateBehavior [ RunTime:0.035800s ]
INFO: [ view_parse ] --END-- [ RunTime:0.035881s ]
INFO: [ view_filter ] --START--
INFO: Run Behavior\WriteHtmlCacheBehavior [ RunTime:0.000193s ]
INFO: [ view_filter ] --END-- [ RunTime:0.000234s ]
INFO: [ app_end ] --START--
INFO: Run Behavior\ShowPageTraceBehavior [ RunTime:0.000478s ]
INFO: [ app_end ] --END-- [ RunTime:0.000531s ]

[ 2015-05-31T17:28:34+08:00 ] 118.186.220.192 /admin.php?s=/Index/index.html
INFO: [ app_init ] --START--
INFO: Run Behavior\BuildLiteBehavior [ RunTime:0.000017s ]
INFO: Run Common\Behavior\InitHookBehavior [ RunTime:0.001159s ]
INFO: [ app_init ] --END-- [ RunTime:0.001541s ]
INFO: [ app_begin ] --START--
INFO: Run Behavior\ReadHtmlCacheBehavior [ RunTime:0.000426s ]
INFO: [ app_begin ] --END-- [ RunTime:0.000491s ]
SQL: SHOW COLUMNS FROM `feng_menu` [ RunTime:0.0008s ]
SQL: SELECT `id`,`title`,`url` FROM `feng_menu` WHERE `pid` = 0 AND `hide` = 0 ORDER BY sort asc  [ RunTime:0.0004s ]
SQL: SELECT `pid` FROM `feng_menu` WHERE ( pid !=0 AND url like '%Index/index%' ) LIMIT 1   [ RunTime:0.0007s ]
INFO: [ view_parse ] --START--
INFO: [ template_filter ] --START--
INFO: Run Behavior\ContentReplaceBehavior [ RunTime:0.000201s ]
INFO: [ template_filter ] --END-- [ RunTime:0.000303s ]
INFO: [ AdminIndex ] --START--
SQL: SHOW COLUMNS FROM `feng_addons` [ RunTime:0.0012s ]
SQL: SELECT `config` FROM `feng_addons` WHERE `name` = 'SiteStat' AND `status` = 1 LIMIT 1   [ RunTime:0.0005s ]
SQL: SHOW COLUMNS FROM `feng_member` [ RunTime:0.0013s ]
SQL: SELECT COUNT(*) AS tp_count FROM `feng_member` LIMIT 1   [ RunTime:0.0002s ]
SQL: SHOW COLUMNS FROM `feng_action_log` [ RunTime:0.0008s ]
SQL: SELECT COUNT(*) AS tp_count FROM `feng_action_log` LIMIT 1   [ RunTime:0.0002s ]
SQL: SHOW COLUMNS FROM `feng_document` [ RunTime:0.0013s ]
SQL: SELECT COUNT(*) AS tp_count FROM `feng_document` LIMIT 1   [ RunTime:0.0002s ]
SQL: SHOW COLUMNS FROM `feng_category` [ RunTime:0.0015s ]
SQL: SELECT COUNT(*) AS tp_count FROM `feng_category` LIMIT 1   [ RunTime:0.0002s ]
SQL: SHOW COLUMNS FROM `feng_model` [ RunTime:0.0008s ]
SQL: SELECT COUNT(*) AS tp_count FROM `feng_model` LIMIT 1   [ RunTime:0.0001s ]
INFO: [ view_parse ] --START--
INFO: [ template_filter ] --START--
INFO: Run Behavior\ContentReplaceBehavior [ RunTime:0.000042s ]
INFO: [ template_filter ] --END-- [ RunTime:-0.016312s ]
INFO: Run Behavior\ParseTemplateBehavior [ RunTime:0.001924s ]
INFO: [ view_parse ] --END-- [ RunTime:0.001970s ]
INFO: [ view_filter ] --START--
INFO: Run Behavior\WriteHtmlCacheBehavior [ RunTime:0.000148s ]
INFO: [ view_filter ] --END-- [ RunTime:0.000188s ]
INFO: Run Addons\SiteStat\SiteStatAddon [ RunTime:0.014679s ]
SQL: SELECT `config` FROM `feng_addons` WHERE `name` = 'SystemInfo' AND `status` = 1 LIMIT 1   [ RunTime:0.0003s ]
INFO: [ view_parse ] --START--
INFO: [ template_filter ] --START--
INFO: Run Behavior\ContentReplaceBehavior [ RunTime:0.000053s ]
INFO: [ template_filter ] --END-- [ RunTime:-0.071766s ]
SQL: select version() as v; [ RunTime:0.0002s ]
INFO: Run Behavior\ParseTemplateBehavior [ RunTime:0.002877s ]
INFO: [ view_parse ] --END-- [ RunTime:-0.053155s ]
INFO: [ view_filter ] --START--
INFO: Run Behavior\WriteHtmlCacheBehavior [ RunTime:0.000011s ]
INFO: [ view_filter ] --END-- [ RunTime:-0.055909s ]
INFO: Run Addons\SystemInfo\SystemInfoAddon [ RunTime:0.055932s ]
SQL: SELECT `config` FROM `feng_addons` WHERE `name` = 'QiuBai' AND `status` = 1 LIMIT 1   [ RunTime:0.0003s ]
INFO: [ view_parse ] --START--
INFO: [ template_filter ] --START--
INFO: Run Behavior\ContentReplaceBehavior [ RunTime:0.000087s ]
INFO: [ template_filter ] --END-- [ RunTime:-0.075185s ]
INFO: Run Behavior\ParseTemplateBehavior [ RunTime:0.001733s ]
INFO: [ view_parse ] --END-- [ RunTime:-0.057085s ]
INFO: [ view_filter ] --START--
INFO: Run Behavior\WriteHtmlCacheBehavior [ RunTime:0.000010s ]
INFO: [ view_filter ] --END-- [ RunTime:-0.058664s ]
INFO: Run Addons\QiuBai\QiuBaiAddon [ RunTime:0.002736s ]
INFO: [ AdminIndex ] --END-- [ RunTime:0.073433s ]
INFO: Run Behavior\ParseTemplateBehavior [ RunTime:0.001897s ]
INFO: [ view_parse ] --END-- [ RunTime:-0.057085s ]
INFO: [ view_filter ] --START--
INFO: Run Behavior\WriteHtmlCacheBehavior [ RunTime:0.000008s ]
INFO: [ view_filter ] --END-- [ RunTime:-0.058822s ]
INFO: [ app_end ] --START--
INFO: Run Behavior\ShowPageTraceBehavior [ RunTime:0.000551s ]
INFO: [ app_end ] --END-- [ RunTime:0.000597s ]

[ 2015-05-31T17:28:35+08:00 ] 118.186.220.192 /admin.php?s=/Addons/execute/_addons/QiuBai/_controller/QiuBai/_action/getList.html
INFO: [ app_init ] --START--
INFO: Run Behavior\BuildLiteBehavior [ RunTime:0.000018s ]
INFO: Run Common\Behavior\InitHookBehavior [ RunTime:0.001318s ]
INFO: [ app_init ] --END-- [ RunTime:0.001678s ]
INFO: [ app_begin ] --START--
INFO: Run Behavior\ReadHtmlCacheBehavior [ RunTime:0.000419s ]
INFO: [ app_begin ] --END-- [ RunTime:0.000464s ]
SQL: SHOW COLUMNS FROM `feng_addons` [ RunTime:0.0009s ]
SQL: SELECT `title`,`name` FROM `feng_addons` WHERE ( status=1 AND has_adminlist=1 )  [ RunTime:0.0002s ]
SQL: SHOW COLUMNS FROM `feng_menu` [ RunTime:0.0005s ]
SQL: SELECT `id`,`title`,`url` FROM `feng_menu` WHERE `pid` = 0 AND `hide` = 0 ORDER BY sort asc  [ RunTime:0.0003s ]
SQL: SELECT `pid` FROM `feng_menu` WHERE ( pid !=0 AND url like '%Addons/execute%' ) LIMIT 1   [ RunTime:0.0004s ]
SQL: SELECT * FROM `feng_menu` WHERE `id` = 44 LIMIT 1   [ RunTime:0.0002s ]
SQL: SELECT * FROM `feng_menu` WHERE `id` = 43 LIMIT 1   [ RunTime:0.0002s ]
SQL: SELECT DISTINCT  `group` FROM `feng_menu` WHERE `group` <> '' AND `pid` = 43  [ RunTime:0.0003s ]
SQL: SELECT `id`,`url` FROM `feng_menu` WHERE `pid` = 43 AND `hide` = 0  [ RunTime:0.0002s ]
SQL: SELECT `id`,`pid`,`title`,`url`,`tip` FROM `feng_menu` WHERE `group` = '扩展' AND `pid` = 43 AND `hide` = 0 ORDER BY sort asc  [ RunTime:0.0003s ]
SQL: SHOW COLUMNS FROM `feng_addons` [ RunTime:0.0008s ]
SQL: SELECT `config` FROM `feng_addons` WHERE `name` = 'QiuBai' AND `status` = 1 LIMIT 1   [ RunTime:0.0002s ]

[ 2015-05-31T17:28:36+08:00 ] 118.186.220.192 /admin.php?s=/Article/index.html
INFO: [ app_init ] --START--
INFO: Run Behavior\BuildLiteBehavior [ RunTime:0.000017s ]
INFO: Run Common\Behavior\InitHookBehavior [ RunTime:0.001208s ]
INFO: [ app_init ] --END-- [ RunTime:0.001556s ]
INFO: [ app_begin ] --START--
INFO: Run Behavior\ReadHtmlCacheBehavior [ RunTime:0.000447s ]
INFO: [ app_begin ] --END-- [ RunTime:0.000518s ]
SQL: SHOW COLUMNS FROM `feng_menu` [ RunTime:0.0008s ]
SQL: SELECT `id`,`title`,`url` FROM `feng_menu` WHERE `pid` = 0 AND `hide` = 0 ORDER BY sort asc  [ RunTime:0.0003s ]
SQL: SELECT `pid` FROM `feng_menu` WHERE ( pid !=0 AND url like '%Article/index%' ) LIMIT 1   [ RunTime:0.0003s ]
SQL: SELECT * FROM `feng_menu` WHERE `id` = 2 LIMIT 1   [ RunTime:0.0002s ]
SQL: SELECT DISTINCT  `group` FROM `feng_menu` WHERE `group` <> '' AND `pid` = 2  [ RunTime:0.0002s ]
SQL: SELECT `id`,`url` FROM `feng_menu` WHERE `pid` = 2 AND `hide` = 0  [ RunTime:0.0002s ]
SQL: SELECT `id`,`pid`,`title`,`url`,`tip` FROM `feng_menu` WHERE `group` = '内容' AND `pid` = 2 AND `hide` = 0 ORDER BY sort asc  [ RunTime:0.0002s ]
SQL: SHOW COLUMNS FROM `feng_auth_group_access` [ RunTime:0.0005s ]
SQL: SELECT `extend_id` FROM feng_auth_group_access g INNER JOIN feng_auth_extend c on g.group_id=c.group_id  WHERE ( g.uid='1' and c.type='1' and !isnull(extend_id) )  [ RunTime:0.0002s ]
SQL: SHOW COLUMNS FROM `feng_category` [ RunTime:0.0010s ]
SQL: SELECT `id`,`title`,`pid`,`allow_publish` FROM `feng_category` WHERE `status` = 1 ORDER BY pid,sort  [ RunTime:0.0002s ]
SQL: SHOW COLUMNS FROM `feng_model` [ RunTime:0.0009s ]
SQL: SELECT * FROM `feng_model` WHERE `name` = 'document' LIMIT 1   [ RunTime:0.0003s ]
SQL: SHOW COLUMNS FROM `feng_document` [ RunTime:0.0013s ]
SQL: SELECT COUNT(*) AS tp_count FROM feng_document DOCUMENT WHERE `status` IN ('0','1','2') AND `pid` = 0 LIMIT 1   [ RunTime:0.0006s ]
SQL: SELECT `id`,`title`,`type`,`update_time`,`status`,`view`,`category_id`,`model_id`,`pid` FROM feng_document DOCUMENT WHERE `status` IN ('0','1','2') AND `pid` = 0 ORDER BY level DESC,DOCUMENT.id DESC LIMIT 0,10   [ RunTime:0.0004s ]
SQL: SELECT `extend` FROM `feng_model` WHERE `id` = 1 LIMIT 1   [ RunTime:0.0002s ]
SQL: SHOW COLUMNS FROM `feng_attribute` [ RunTime:0.0015s ]
SQL: SELECT `id`,`name`,`type`,`extra` FROM `feng_attribute` WHERE `model_id` = 1  [ RunTime:0.0004s ]
NOTIC: [8] Undefined variable: groups /alidata/www/merlin_blog/myblog/Application/Admin/Controller/ArticleController.class.php 第 231 行.
INFO: [ view_parse ] --START--
INFO: [ template_filter ] --START--
INFO: Run Behavior\ContentReplaceBehavior [ RunTime:0.000468s ]
INFO: [ template_filter ] --END-- [ RunTime:0.000563s ]
INFO: Run Behavior\ParseTemplateBehavior [ RunTime:0.056254s ]
INFO: [ view_parse ] --END-- [ RunTime:0.056381s ]
INFO: [ view_filter ] --START--
INFO: Run Behavior\WriteHtmlCacheBehavior [ RunTime:0.000171s ]
INFO: [ view_filter ] --END-- [ RunTime:0.000224s ]
INFO: [ app_end ] --START--
INFO: Run Behavior\ShowPageTraceBehavior [ RunTime:0.000565s ]
INFO: [ app_end ] --END-- [ RunTime:0.000628s ]

[ 2015-05-31T17:28:40+08:00 ] 118.186.220.192 /admin.php?s=/User/index.html
INFO: [ app_init ] --START--
INFO: Run Behavior\BuildLiteBehavior [ RunTime:0.000015s ]
INFO: Run Common\Behavior\InitHookBehavior [ RunTime:0.001171s ]
INFO: [ app_init ] --END-- [ RunTime:0.001517s ]
INFO: [ app_begin ] --START--
INFO: Run Behavior\ReadHtmlCacheBehavior [ RunTime:0.000428s ]
INFO: [ app_begin ] --END-- [ RunTime:0.000481s ]
SQL: SHOW COLUMNS FROM `feng_menu` [ RunTime:0.0008s ]
SQL: SELECT `id`,`title`,`url` FROM `feng_menu` WHERE `pid` = 0 AND `hide` = 0 ORDER BY sort asc  [ RunTime:0.0004s ]
SQL: SELECT `pid` FROM `feng_menu` WHERE ( pid !=0 AND url like '%User/index%' ) LIMIT 1   [ RunTime:0.0003s ]
SQL: SELECT * FROM `feng_menu` WHERE `id` = 16 LIMIT 1   [ RunTime:0.0002s ]
SQL: SELECT DISTINCT  `group` FROM `feng_menu` WHERE `group` <> '' AND `pid` = 16  [ RunTime:0.0003s ]
SQL: SELECT `id`,`url` FROM `feng_menu` WHERE `pid` = 16 AND `hide` = 0  [ RunTime:0.0002s ]
SQL: SELECT `id`,`pid`,`title`,`url`,`tip` FROM `feng_menu` WHERE `group` = '用户管理' AND `pid` = 16 AND `hide` = 0 ORDER BY sort asc  [ RunTime:0.0003s ]
SQL: SELECT `id`,`pid`,`title`,`url`,`tip` FROM `feng_menu` WHERE `group` = '行为管理' AND `pid` = 16 AND `hide` = 0 ORDER BY sort asc  [ RunTime:0.0003s ]
SQL: SHOW COLUMNS FROM `feng_member` [ RunTime:0.0006s ]
SQL: SELECT COUNT(*) AS tp_count FROM `feng_member` WHERE `status` >= 0 AND `nickname` LIKE '%%' LIMIT 1   [ RunTime:0.0002s ]
SQL: SELECT `uid`,`nickname`,`sex`,`birthday`,`qq`,`score`,`login`,`reg_ip`,`reg_time`,`last_login_ip`,`last_login_time`,`status` FROM `feng_member` WHERE `status` >= 0 AND `nickname` LIKE '%%' ORDER BY uid desc LIMIT 0,10   [ RunTime:0.0002s ]
INFO: [ view_parse ] --START--
INFO: [ template_filter ] --START--
INFO: Run Behavior\ContentReplaceBehavior [ RunTime:0.000222s ]
INFO: [ template_filter ] --END-- [ RunTime:0.000292s ]
INFO: Run Behavior\ParseTemplateBehavior [ RunTime:0.016937s ]
INFO: [ view_parse ] --END-- [ RunTime:0.016984s ]
INFO: [ view_filter ] --START--
INFO: Run Behavior\WriteHtmlCacheBehavior [ RunTime:0.000126s ]
INFO: [ view_filter ] --END-- [ RunTime:0.000165s ]
INFO: [ app_end ] --START--
INFO: Run Behavior\ShowPageTraceBehavior [ RunTime:0.000451s ]
INFO: [ app_end ] --END-- [ RunTime:0.000507s ]

[ 2015-05-31T21:27:08+08:00 ] 121.42.0.38 /admin.php
INFO: [ app_init ] --START--
INFO: Run Behavior\BuildLiteBehavior [ RunTime:0.000016s ]
INFO: Run Common\Behavior\InitHookBehavior [ RunTime:0.001147s ]
INFO: [ app_init ] --END-- [ RunTime:0.001540s ]
INFO: [ app_begin ] --START--
INFO: Run Behavior\ReadHtmlCacheBehavior [ RunTime:0.000496s ]
INFO: [ app_begin ] --END-- [ RunTime:0.000558s ]

[ 2015-05-31T21:38:57+08:00 ] 121.42.0.38 /admin.php
INFO: [ app_init ] --START--
INFO: Run Behavior\BuildLiteBehavior [ RunTime:0.000020s ]
INFO: Run Common\Behavior\InitHookBehavior [ RunTime:0.001313s ]
INFO: [ app_init ] --END-- [ RunTime:0.001718s ]
INFO: [ app_begin ] --START--
INFO: Run Behavior\ReadHtmlCacheBehavior [ RunTime:0.000469s ]
INFO: [ app_begin ] --END-- [ RunTime:0.000520s ]

[ 2015-05-31T21:50:35+08:00 ] 121.42.0.38 /admin.php
INFO: [ app_init ] --START--
INFO: Run Behavior\BuildLiteBehavior [ RunTime:0.000023s ]
INFO: Run Common\Behavior\InitHookBehavior [ RunTime:0.001507s ]
INFO: [ app_init ] --END-- [ RunTime:0.002057s ]
INFO: [ app_begin ] --START--
INFO: Run Behavior\ReadHtmlCacheBehavior [ RunTime:0.000434s ]
INFO: [ app_begin ] --END-- [ RunTime:0.000490s ]

[ 2015-05-31T22:01:26+08:00 ] 121.42.0.38 /admin.php
INFO: [ app_init ] --START--
INFO: Run Behavior\BuildLiteBehavior [ RunTime:0.000019s ]
INFO: Run Common\Behavior\InitHookBehavior [ RunTime:0.001318s ]
INFO: [ app_init ] --END-- [ RunTime:0.001695s ]
INFO: [ app_begin ] --START--
INFO: Run Behavior\ReadHtmlCacheBehavior [ RunTime:0.000455s ]
INFO: [ app_begin ] --END-- [ RunTime:0.000512s ]

[ 2015-05-31T22:12:21+08:00 ] 121.42.0.38 /admin.php
INFO: [ app_init ] --START--
INFO: Run Behavior\BuildLiteBehavior [ RunTime:0.000025s ]
INFO: Run Common\Behavior\InitHookBehavior [ RunTime:0.001401s ]
INFO: [ app_init ] --END-- [ RunTime:0.001951s ]
INFO: [ app_begin ] --START--
INFO: Run Behavior\ReadHtmlCacheBehavior [ RunTime:0.000485s ]
INFO: [ app_begin ] --END-- [ RunTime:0.000559s ]

[ 2015-05-31T22:21:58+08:00 ] 121.42.0.38 /admin.php
INFO: [ app_init ] --START--
INFO: Run Behavior\BuildLiteBehavior [ RunTime:0.000015s ]
INFO: Run Common\Behavior\InitHookBehavior [ RunTime:0.001188s ]
INFO: [ app_init ] --END-- [ RunTime:0.001531s ]
INFO: [ app_begin ] --START--
INFO: Run Behavior\ReadHtmlCacheBehavior [ RunTime:0.000405s ]
INFO: [ app_begin ] --END-- [ RunTime:0.000486s ]

[ 2015-05-31T22:33:11+08:00 ] 121.42.0.38 /admin.php
INFO: [ app_init ] --START--
INFO: Run Behavior\BuildLiteBehavior [ RunTime:0.000018s ]
INFO: Run Common\Behavior\InitHookBehavior [ RunTime:0.001247s ]
INFO: [ app_init ] --END-- [ RunTime:0.001663s ]
INFO: [ app_begin ] --START--
INFO: Run Behavior\ReadHtmlCacheBehavior [ RunTime:0.000505s ]
INFO: [ app_begin ] --END-- [ RunTime:0.000559s ]

[ 2015-05-31T22:43:25+08:00 ] 121.42.0.38 /admin.php
INFO: [ app_init ] --START--
INFO: Run Behavior\BuildLiteBehavior [ RunTime:0.000015s ]
INFO: Run Common\Behavior\InitHookBehavior [ RunTime:0.001129s ]
INFO: [ app_init ] --END-- [ RunTime:0.001474s ]
INFO: [ app_begin ] --START--
INFO: Run Behavior\ReadHtmlCacheBehavior [ RunTime:0.000469s ]
INFO: [ app_begin ] --END-- [ RunTime:0.000520s ]

[ 2015-05-31T22:51:22+08:00 ] 121.42.0.38 /admin.php
INFO: [ app_init ] --START--
INFO: Run Behavior\BuildLiteBehavior [ RunTime:0.000018s ]
INFO: Run Common\Behavior\InitHookBehavior [ RunTime:0.001170s ]
INFO: [ app_init ] --END-- [ RunTime:0.001544s ]
INFO: [ app_begin ] --START--
INFO: Run Behavior\ReadHtmlCacheBehavior [ RunTime:0.000405s ]
INFO: [ app_begin ] --END-- [ RunTime:0.000469s ]

